#
# There is insufficient memory for the Java Runtime Environment to continue.
# Native memory allocation (malloc) failed to allocate 1182736 bytes. Error detail: Chunk::new
# Possible reasons:
#   The system is out of physical RAM or swap space
#   This process is running with CompressedOops enabled, and the Java Heap may be blocking the growth of the native heap
# Possible solutions:
#   Reduce memory load on the system
#   Increase physical memory or swap space
#   Check if swap backing store is full
#   Decrease Java heap size (-Xmx/-Xms)
#   Decrease number of Java threads
#   Decrease Java thread stack sizes (-Xss)
#   Set larger code cache with -XX:ReservedCodeCacheSize=
#   JVM is running with Unscaled Compressed Oops mode in which the Java heap is
#     placed in the first 4GB address space. The Java Heap base address is the
#     maximum limit for the native heap growth. Please use -XX:HeapBaseMinAddress
#     to set the Java Heap base and to place the Java Heap above 4GB virtual address.
# This output file may be truncated or incomplete.
#
#  Out of Memory Error (arena.cpp:191), pid=19368, tid=16216
#
# JRE version: OpenJDK Runtime Environment Temurin-17.0.14+7 (17.0.14+7) (build 17.0.14+7)
# Java VM: OpenJDK 64-Bit Server VM Temurin-17.0.14+7 (17.0.14+7, mixed mode, tiered, compressed oops, compressed class ptrs, g1 gc, windows-amd64)
# No core dump will be written. Minidumps are not enabled by default on client versions of Windows
#

---------------  S U M M A R Y ------------

Command Line: -Dgroovy.home=C:\Users\LENOVO/.groovy -Djava.system.class.loader=groovy.lang.GroovyClassLoader -Xmx2048m -Dfile.encoding=UTF-8 -Dstdout.encoding=UTF-8 -Dstderr.encoding=UTF-8 -XX:+ShowCodeDetailsInExceptionMessages org.codehaus.groovy.tools.GroovyStarter --classpath C:\Users\LENOVO\Katalon Studio\guru 99 bank\bin\keyword;C:\Users\LENOVO\Katalon Studio\guru 99 bank\Keywords;C:\Users\LENOVO\Katalon Studio\guru 99 bank\bin\listener;C:\Users\LENOVO\Katalon Studio\guru 99 bank\Test Listeners;C:\Users\LENOVO\Katalon Studio\guru 99 bank\bin\lib;C:\Users\LENOVO\Katalon Studio\guru 99 bank\Libs;C:\Users\LENOVO\Katalon Studio\guru 99 bank\bin\groovy;C:\Users\LENOVO\Katalon Studio\guru 99 bank\Include\scripts\groovy;C:\Users\LENOVO\.katalon\packages\KSE-10.2.4\plugins\com.kms.katalon.core_1.0.0.202507110548.jar;C:\Users\LENOVO\.katalon\packages\KSE-10.2.4\configuration\resources\lib\aalto-xml-1.0.0.jar;C:\Users\LENOVO\.katalon\packages\KSE-10.2.4\configuration\resources\lib\aspectjweaver-1.9.1.jar;C:\Users\LENOVO\.katalon\packages\KSE-10.2.4\configuration\resources\lib\aws-2.20.3-fat.jar;C:\Users\LENOVO\.katalon\packages\KSE-10.2.4\configuration\resources\lib\browsermob-core-2.1.5.jar;C:\Users\LENOVO\.katalon\packages\KSE-10.2.4\configuration\resources\lib\byte-buddy-1.14.3.jar;C:\Users\LENOVO\.katalon\packages\KSE-10.2.4\configuration\resources\lib\byte-buddy-agent-1.14.3.jar;C:\Users\LENOVO\.katalon\packages\KSE-10.2.4\configuration\resources\lib\cglib-3.2.10.jar;C:\Users\LENOVO\.katalon\packages\KSE-10.2.4\configuration\resources\lib\commons-codec-1.10.jar;C:\Users\LENOVO\.katalon\packages\KSE-10.2.4\configuration\resources\lib\commons-collections4-4.1.jar;C:\Users\LENOVO\.katalon\packages\KSE-10.2.4\configuration\resources\lib\commons-javaflow-20060411.jar;C:\Users\LENOVO\.katalon\packages\KSE-10.2.4\configuration\resources\lib\commons-logging-1.3.4.jar;C:\Users\LENOVO\.katalon\packages\KSE-10.2.4\configuration\resources\lib\commons-validator-1.6.jar;C:\Users\LENOVO\.katalon\packages\KSE-10.2.4\configuration\resources\lib\curvesapi-1.04.jar;C:\Users\LENOVO\.katalon\packages\KSE-10.2.4\configuration\resources\lib\dnsjava-3.6.2.jar;C:\Users\LENOVO\.katalon\packages\KSE-10.2.4\configuration\resources\lib\ecj-3.21.0.jar;C:\Users\LENOVO\.katalon\packages\KSE-10.2.4\configuration\resources\lib\fontbox-3.0.4.jar;C:\Users\LENOVO\.katalon\packages\KSE-10.2.4\configuration\resources\lib\groovy-3.0.17.jar;C:\Users\LENOVO\.katalon\packages\KSE-10.2.4\configuration\resources\lib\jackson-coreutils-2.0.jar;C:\Users\LENOVO\.katalon\packages\KSE-10.2.4\configuration\resources\lib\jackson-coreutils-equivalence-1.0.jar;C:\Users\LENOVO\.katalon\packages\KSE-10.2.4\configuration\resources\lib\jasperreports-6.20.5.jar;C:\Users\LENOVO\.katalon\packages\KSE-10.2.4\configuration\resources\lib\jasperreports-fonts-6.20.5.jar;C:\Users\LENOVO\.katalon\packages\KSE-10.2.4\configuration\resources\lib\java-client-9.2.3.jar;C:\Users\LENOVO\.katalon\packages\KSE-10.2.4\configuration\resources\lib\javax.servlet-api_3.1.0.jar;C:\Users\LENOVO\.katalon\packages\KSE-10.2.4\configuration\resources\lib\jna-5.12.1.jar;C:\Users\LENOVO\.katalon\packages\KSE-10.2.4\configuration\resources\lib\jna-platform-5.12.1.jar;C:\Users\LENOVO\.katalon\packages\KSE-10.2.4\configuration\resources\lib\json-schema-core-1.2.14.jar;C:\Users\LENOVO\.katalon\packages\KSE-10.2.4\configuration\resources\lib\json-schema-validator-2.2.14.jar;C:\Users\LENOVO\.katalon\packages\KSE-10.2.4\configuration\resources\lib\jzlib-1.1.3.jar;C:\Users\LENOVO\.katalon\packages\KSE-10.2.4\configuration\resources\lib\kat-server.jar;C:\Users\LENOVO\.katalon\packages\KSE-10.2.4\configuration\resources\lib\littleproxy-1.1.0-beta-bmp-17.jar;C:\Users\LENOVO\.katalon\packages\KSE-10.2.4\configuration\resources\lib\log4j-1.2-api-2.17.1.jar;C:\Users\LENOVO\.katalon\packages\KSE-10.2.4\configuration\resources\lib\log4j-api-2.17.1.jar;C:\Users\LENOVO\.katalon\packages\KSE-10.2.4\configuration\resources\lib\log4j-core-2.17.1.jar;C:\Users\LENOVO\.katalon\packages\KSE-10.2.4\configuration\resources\lib\mitm-2.1.5.jar;C:\Users\LENOVO\.katalon\packages\KSE-10.2.4\configuration\resources\lib\mockito-core-5.2.0.jar;C:\Users\LENOVO\.katalon\packages\KSE-10.2.4\configuration\resources\lib\mockito-inline-5.2.0.jar;C:\Users\LENOVO\.katalon\packages\KSE-10.2.4\configuration\resources\lib\objenesis-3.3.jar;C:\Users\LENOVO\.katalon\packages\KSE-10.2.4\configuration\resources\lib\openpdf-1.3.30.jaspersoft.2.jar;C:\Users\LENOVO\.katalon\packages\KSE-10.2.4\configuration\resources\lib\pdfbox-3.0.4.jar;C:\Users\LENOVO\.katalon\packages\KSE-10.2.4\configuration\resources\lib\pdfbox-io-3.0.4.jar;C:\Users\LENOVO\.katalon\packages\KSE-10.2.4\configuration\resources\lib\poi-3.17.jar;C:\Users\LENOVO\.katalon\packages\KSE-10.2.4\configuration\resources\lib\poi-ooxml-3.17.jar;C:\Users\LENOVO\.katalon\packages\KSE-10.2.4\configuration\resources\lib\poi-ooxml-schemas-3.17.jar;C:\Users\LENOVO\.katalon\packages\KSE-10.2.4\configuration\resources\lib\proxy-vole-1.1.5-jar-with-dependencies.jar;C:\Users\LENOVO\.katalon\packages\KSE-10.2.4\configuration\resources\lib\repackaged-sikuli-api-1.0.2-standalone.jar;C:\Users\LENOVO\.katalon\packages\KSE-10.2.4\configuration\resources\lib\selenium-shutterbug-1.1.jar;C:\Users\LENOVO\.katalon\packages\KSE-10.2.4\configuration\resources\lib\soap-builder-1.0.0.jar;C:\Users\LENOVO\.katalon\packages\KSE-10.2.4\configuration\resources\lib\soap-common-1.0.0.jar;C:\Users\LENOVO\.katalon\packages\KSE-10.2.4\configuration\resources\lib\soap-legacy-1.0.0.jar;C:\Users\LENOVO\.katalon\packages\KSE-10.2.4\configuration\resources\lib\spring-context-5.3.19.jar;C:\Users\LENOVO\.katalon\packages\KSE-10.2.4\configuration\resources\lib\stax2-api-4.0.0.jar;C:\Users\LENOVO\.katalon\packages\KSE-10.2.4\configuration\resources\lib\su.jar;C:\Users\LENOVO\.katalon\packages\KSE-10.2.4\configuration\resources\lib\swagger-parser-1.0.67-fat.jar;C:\Users\LENOVO\.katalon\packages\KSE-10.2.4\configuration\resources\lib\uri-template-0.1.jar;C:\Users\LENOVO\.katalon\packages\KSE-10.2.4\configuration\resources\lib\wadl.jar;C:\Users\LENOVO\.katalon\packages\KSE-10.2.4\configuration\resources\lib\xmlbeans-3.1.0.jar;C:\Users\LENOVO\.katalon\packages\KSE-10.2.4\plugins\net.sf.supercsv.super-csv_2.4.0.jar;C:\Users\LENOVO\.katalon\packages\KSE-10.2.4\plugins\org.apache.commons.commons-io_2.16.1.jar;C:\Users\LENOVO\.katalon\packages\KSE-10.2.4\plugins\org.apache.commons.lang_2.6.0.jar;C:\Users\LENOVO\.katalon\packages\KSE-10.2.4\plugins\com.google.gson_2.11.0.jar;C:\Users\LENOVO\.katalon\packages\KSE-10.2.4\plugins\org.jsoup_1.14.3.jar;C:\Users\LENOVO\.katalon\packages\KSE-10.2.4\plugins\org.apache.commons.dbutils_1.6.0.jar;C:\Users\LENOVO\.katalon\packages\KSE-10.2.4\plugins\com.oracle.jdbc.ojdbc7_12.1.0.2.jar;C:\Users\LENOVO\.katalon\packages\KSE-10.2.4\plugins\org.postgresql.jdbc_42.7.3.jar;c:\Users\LENOVO\.katalon\packages\KSE-10.2.4\plugins\org.eclipse.osgi_3.21.0.v20240717-2103.jar;C:\Users\LENOVO\.katalon\packages\KSE-10.2.4\plugins\com.kms.katalon.constant_1.0.0.202507110548.jar;C:\Users\LENOVO\.katalon\packages\KSE-10.2.4\plugins\org.eclipse.persistence.eclipselink_2.7.11.jar;C:\Users\LENOVO\.katalon\packages\KSE-10.2.4\plugins\com.kms.katalon.selenium-standalone_1.0.0.202507110548.jar;C:\Users\LENOVO\.katalon\packages\KSE-10.2.4\plugins\atu.testrecorder.screen-recorder_2.1.0.jar;C:\Users\LENOVO\.katalon\packages\KSE-10.2.4\plugins\com.google.guava_33.4.0.jre.jar;C:\Users\LENOVO\.katalon\packages\KSE-10.2.4\plugins\com.kms.katalon.util_1.0.0.202507110548.jar;C:\Users\LENOVO\.katalon\packages\KSE-10.2.4\plugins\org.apache.httpcomponents.httpclient_4.5.14.jar;C:\Users\LENOVO\.katalon\packages\KSE-10.2.4\plugins\org.apache.httpcomponents.httpcore_4.4.16.jar;C:\Users\LENOVO\.katalon\packages\KSE-10.2.4\plugins\org.apache.httpcomponents.httpmime_4.5.13.jar;C:\Users\LENOVO\.katalon\packages\KSE-10.2.4\plugins\org.apache.commons.lang3_3.16.0.jar;C:\Users\LENOVO\.katalon\packages\KSE-10.2.4\plugins\org.greenrobot.eventbus_3.1.1.jar;C:\Users\LENOVO\.katalon\packages\KSE-10.2.4\plugins\net.bytebuddy.byte-buddy_1.15.11.jar;C:\Users\LENOVO\.katalon\packages\KSE-10.2.4\plugins\org.junit_4.13.2.v20230809-1000.jar;C:\Users\LENOVO\.katalon\packages\KSE-10.2.4\plugins\com.fasterxml.jackson.core.jackson-databind_2.17.2.jar;C:\Users\LENOVO\.katalon\packages\KSE-10.2.4\plugins\com.fasterxml.jackson.core.jackson-core_2.17.2.jar;C:\Users\LENOVO\.katalon\packages\KSE-10.2.4\plugins\com.fasterxml.jackson.core.jackson-annotations_2.17.2.jar;C:\Users\LENOVO\.katalon\packages\KSE-10.2.4\plugins\slf4j.api_2.0.16.jar;C:\Users\LENOVO\.katalon\packages\KSE-10.2.4\plugins\org.fusesource.jansi_1.17.1.jar;C:\Users\LENOVO\.katalon\packages\KSE-10.2.4\plugins\com.kms.katalon.netlightbody_1.0.0.202507110548.jar;C:\Users\LENOVO\.katalon\packages\KSE-10.2.4\plugins\com.kms.katalon.poi_1.0.0.202507110548.jar;C:\Users\LENOVO\.katalon\packages\KSE-10.2.4\plugins\org.apache.commons.commons-text_1.10.0.jar;C:\Users\LENOVO\.katalon\packages\KSE-10.2.4\plugins\com.kms.katalon.proxyvole_1.0.0.202507110548.jar;C:\Users\LENOVO\.katalon\packages\KSE-10.2.4\plugins\com.microsoft.sqlserver.mssql-jdbc_6.2.2.jre8.jar;C:\Users\LENOVO\.katalon\packages\KSE-10.2.4\plugins\com.github.kklisura.cdt.java-client_2.1.0.jar;C:\Users\LENOVO\.katalon\packages\KSE-10.2.4\plugins\javax.websocket-api_1.1.0.jar;C:\Users\LENOVO\.katalon\packages\KSE-10.2.4\plugins\org.glassfish.tyrus.container-grizzly-client_1.13.1.jar;C:\Users\LENOVO\.katalon\packages\KSE-10.2.4\plugins\org.glassfish.grizzly.http-server_2.3.25.jar;C:\Users\LENOVO\.katalon\packages\KSE-10.2.4\plugins\org.glassfish.grizzly.framework_2.3.25.jar;C:\Users\LENOVO\.katalon\packages\KSE-10.2.4\plugins\org.glassfish.grizzly.http_2.3.25.jar;C:\Users\LENOVO\.katalon\packages\KSE-10.2.4\plugins\org.glassfish.tyrus.client_1.13.1.jar;C:\Users\LENOVO\.katalon\packages\KSE-10.2.4\plugins\org.glassfish.tyrus.core_1.13.1.jar;C:\Users\LENOVO\.katalon\packages\KSE-10.2.4\plugins\org.glassfish.tyrus.spi_1.13.1.jar;C:\Users\LENOVO\.katalon\packages\KSE-10.2.4\plugins\javassist_3.28.0.GA.jar;C:\Users\LENOVO\.katalon\packages\KSE-10.2.4\plugins\graphql-java_22.3.0.jar;C:\Users\LENOVO\.katalon\packages\KSE-10.2.4\plugins\org.glassfish.jaxb.runtime_2.3.6.jar;C:\Users\LENOVO\.katalon\packages\KSE-10.2.4\plugins\org.glassfish.jaxb.txw2_2.3.6.jar;C:\Users\LENOVO\.katalon\packages\KSE-10.2.4\plugins\org.dom4j_2.1.4.jar;C:\Users\LENOVO\.katalon\packages\KSE-10.2.4\plugins\com.kms.katalon.groovy-extended_1.0.0.202507110548.jar;C:\Users\LENOVO\.katalon\packages\KSE-10.2.4\plugins\com.sun.activation.javax.activation_1.2.0.jar;C:\Users\LENOVO\.katalon\packages\KSE-10.2.4\plugins\jakarta.xml.bind-api_4.0.2.jar;C:\Users\LENOVO\.katalon\packages\KSE-10.2.4\plugins\org.eclipse.jface_3.35.0.v20240820-2045.jar;C:\Users\LENOVO\.katalon\packages\KSE-10.2.4\plugins\com.kms.katalon.logging_1.0.0.202507110548.jar;C:\Users\LENOVO\.katalon\packages\KSE-10.2.4\plugins\json_20240303.0.0.jar;C:\Users\LENOVO\.katalon\packages\KSE-10.2.4\plugins\assertj-core_3.25.3.jar;C:\Users\LENOVO\.katalon\packages\KSE-10.2.4\plugins\com.networknt.json-schema-validator_1.0.66.jar;C:\Users\LENOVO\.katalon\packages\KSE-10.2.4\plugins\com.kms.katalon.network.apache_1.0.0.202507110548.jar;C:\Users\LENOVO\.katalon\packages\KSE-10.2.4\plugins\com.kms.katalon.network.core_1.0.0.202507110548.jar;C:\Users\LENOVO\.katalon\packages\KSE-10.2.4\plugins\java-dataloader_3.3.0.jar;C:\Users\LENOVO\.katalon\packages\KSE-10.2.4\plugins\org.apache.commons.collections_3.2.2.v201511171945.jar;C:\Users\LENOVO\.katalon\packages\KSE-10.2.4\plugins\org.apache.commons.commons-collections4_4.4.0.jar;C:\Users\LENOVO\.katalon\packages\KSE-10.2.4\plugins\org.apache.commons.digester_2.1.0.jar;C:\Users\LENOVO\.katalon\packages\KSE-10.2.4\plugins\stax2-api_4.2.2.jar;C:\Users\LENOVO\.katalon\packages\KSE-10.2.4\plugins\com.fasterxml.woodstox.woodstox-core_6.6.2.jar;C:\Users\LENOVO\.katalon\packages\KSE-10.2.4\plugins\org.apache.commons.logging_1.2.0.v20180409-1502.jar;C:\Users\LENOVO\.katalon\packages\KSE-10.2.4\plugins\com.kms.katalon.report.core_1.0.0.202507110548.jar;C:\Users\LENOVO\.katalon\packages\KSE-10.2.4\plugins\org.apache.commons.commons-beanutils_1.9.4.jar;C:\Users\LENOVO\.katalon\packages\KSE-10.2.4\plugins\org.seleniumhq.selenium.selenium-api_4.28.1.jar;C:\Users\LENOVO\.katalon\packages\KSE-10.2.4\plugins\org.seleniumhq.selenium.selenium-remote-driver_4.28.1.jar;C:\Users\LENOVO\.katalon\packages\KSE-10.2.4\plugins\org.seleniumhq.selenium.selenium-http_4.28.1.jar;C:\Users\LENOVO\.katalon\packages\KSE-10.2.4\plugins\ch.qos.logback.classic_1.3.15.jar;C:\Users\LENOVO\.katalon\packages\KSE-10.2.4\plugins\ch.qos.logback.core_1.3.15.jar;C:\Users\LENOVO\.katalon\packages\KSE-10.2.4\plugins\log4j.over.slf4j_1.7.36.jar;C:\Users\LENOVO\.katalon\packages\KSE-10.2.4\plugins\org.hamcrest.core_1.3.0.jar;C:\Users\LENOVO\.katalon\packages\KSE-10.2.4\plugins\org.beanshell.bsh_2.0.0.0b4.jar;C:\Users\LENOVO\.katalon\packages\KSE-10.2.4\plugins\org.apache.ant.launcher_1.9.6.jar;C:\Users\LENOVO\.katalon\packages\KSE-10.2.4\plugins\org.seleniumhq.selenium.selenium-chrome-driver_4.28.1.jar;C:\Users\LENOVO\.katalon\packages\KSE-10.2.4\plugins\org.seleniumhq.selenium.selenium-chromium-driver_4.28.1.jar;C:\Users\LENOVO\.katalon\packages\KSE-10.2.4\plugins\org.seleniumhq.selenium.selenium-edge-driver_4.28.1.jar;C:\Users\LENOVO\.katalon\packages\KSE-10.2.4\plugins\org.seleniumhq.selenium.selenium-firefox-driver_4.28.1.jar;C:\Users\LENOVO\.katalon\packages\KSE-10.2.4\plugins\org.seleniumhq.selenium.selenium-safari-driver_4.28.1.jar;C:\Users\LENOVO\.katalon\packages\KSE-10.2.4\plugins\org.seleniumhq.selenium.selenium-ie-driver_4.28.1.jar;C:\Users\LENOVO\.katalon\packages\KSE-10.2.4\plugins\org.seleniumhq.selenium.selenium-manager_4.28.1.jar;C:\Users\LENOVO\.katalon\packages\KSE-10.2.4\plugins\org.seleniumhq.selenium.selenium-json_4.28.1.jar;C:\Users\LENOVO\.katalon\packages\KSE-10.2.4\plugins\com.kms.katalon.core.appium_1.0.0.202507110548.jar;C:\Users\LENOVO\.katalon\packages\KSE-10.2.4\plugins\com.kms.katalon.api_1.0.0.202507110548.jar;C:\Users\LENOVO\.katalon\packages\KSE-10.2.4\plugins\org.seleniumhq.selenium.selenium-os_4.28.1.jar;C:\Users\LENOVO\.katalon\packages\KSE-10.2.4\plugins\org.eclipse.e4.core.contexts_1.12.600.v20240413-1529.jar;C:\Users\LENOVO\.katalon\packages\KSE-10.2.4\plugins\org.eclipse.e4.core.services_2.4.400.v20240413-1529.jar;C:\Users\LENOVO\.katalon\packages\KSE-10.2.4\plugins\org.eclipse.osgi.services_3.12.100.v20240327-0645.jar;C:\Users\LENOVO\.katalon\packages\KSE-10.2.4\plugins\org.eclipse.equinox.common_3.19.100.v20240524-2011.jar;C:\Users\LENOVO\.katalon\packages\KSE-10.2.4\plugins\com.kms.katalon.platform.core_1.0.0.202507110548.jar;C:\Users\LENOVO\.katalon\packages\KSE-10.2.4\plugins\com.kms.katalon.common_1.0.0.202507110548.jar;C:\Users\LENOVO\.katalon\packages\KSE-10.2.4\plugins\com.kms.katalon.session.core_1.0.0.202507110548.jar;C:\Users\LENOVO\.katalon\packages\KSE-10.2.4\plugins\org.eclipse.e4.core.di_1.9.500.v20240606-1236.jar;C:\Users\LENOVO\.katalon\packages\KSE-10.2.4\plugins\com.kms.katalon.execution.core_1.0.0.202507110548.jar;C:\Users\LENOVO\.katalon\packages\KSE-10.2.4\plugins\org.eclipse.equinox.registry_3.12.100.v20240524-2011.jar;C:\Users\LENOVO\.katalon\packages\KSE-10.2.4\plugins\dev.failsafe_3.3.2.jar;C:\Users\LENOVO\.katalon\packages\KSE-10.2.4\plugins\com.fasterxml.jackson.datatype.jackson-datatype-jsr310_2.17.2.jar;C:\Users\LENOVO\.katalon\packages\KSE-10.2.4\plugins\org.eclipse.e4.core.di.annotations_1.8.400.v20240413-1529.jar;C:\Users\LENOVO\.katalon\packages\KSE-10.2.4\plugins\com.kms.katalon.core.webui_1.0.0.202507110548.jar;C:\Users\LENOVO\.katalon\packages\KSE-10.2.4\plugins\org.seleniumhq.selenium.selenium-support_4.28.1.jar;C:\Users\LENOVO\.katalon\packages\KSE-10.2.4\plugins\com.beust.jcommander_1.82.0.jar;C:\Users\LENOVO\.katalon\packages\KSE-10.2.4\plugins\org.seleniumhq.selenium.selenium-devtools-v135_4.31.0.jar;C:\Users\LENOVO\.katalon\packages\KSE-10.2.4\plugins\com.kms.katalon.core.mobile_1.0.0.202507110548.jar;C:\Users\LENOVO\.katalon\packages\KSE-10.2.4\plugins\org.apache.commons.commons-validator_1.7.0.jar;C:\Users\LENOVO\.katalon\packages\KSE-10.2.4\plugins\com.kms.katalon.core.cucumber_1.0.0.202507110548.jar;C:\Users\LENOVO\.katalon\packages\KSE-10.2.4\plugins\io.cucumber.core_3.0.3.jar;C:\Users\LENOVO\.katalon\packages\KSE-10.2.4\plugins\io.cucumber.datatable_1.1.16.jar;C:\Users\LENOVO\.katalon\packages\KSE-10.2.4\plugins\io.cucumber.datatable-dependencies_1.1.16.jar;C:\Users\LENOVO\.katalon\packages\KSE-10.2.4\plugins\io.cucumber.expressions_5.0.19.jar;C:\Users\LENOVO\.katalon\packages\KSE-10.2.4\plugins\io.cucumber.gherkin_5.0.0.jar;C:\Users\LENOVO\.katalon\packages\KSE-10.2.4\plugins\io.cucumber.html_0.2.7.jar;C:\Users\LENOVO\.katalon\packages\KSE-10.2.4\plugins\io.cucumber.java_3.0.3.jar;C:\Users\LENOVO\.katalon\packages\KSE-10.2.4\plugins\io.cucumber.tag-expressions_1.1.1.jar;C:\Users\LENOVO\.katalon\packages\KSE-10.2.4\plugins\io.cucumber.junit_3.0.3.jar;C:\Users\LENOVO\.katalon\packages\KSE-10.2.4\plugins\com.kms.katalon.core.webservice_1.0.0.202507110548.jar;C:\Users\LENOVO\.katalon\packages\KSE-10.2.4\plugins\wsdl4j_1.6.2.jar;C:\Users\LENOVO\.katalon\packages\KSE-10.2.4\plugins\com.google.oauth-client.google-oauth-client_1.22.0.jar;C:\Users\LENOVO\.katalon\packages\KSE-10.2.4\plugins\com.google.http-client.google-http-client_1.22.0.jar;C:\Users\LENOVO\.katalon\packages\KSE-10.2.4\plugins\com.kms.katalon.preferences_1.0.0.202507110548.jar;C:\Users\LENOVO\.katalon\packages\KSE-10.2.4\plugins\org.apache.xmlbeans_3.1.0.jar;C:\Users\LENOVO\.katalon\packages\KSE-10.2.4\plugins\com.kms.katalon.entity_1.0.0.202507110548.jar;C:\Users\LENOVO\.katalon\packages\KSE-10.2.4\plugins\jakarta.xml.ws-api_2.3.3.jar;C:\Users\LENOVO\.katalon\packages\KSE-10.2.4\plugins\javax.xml.soap-api_1.4.0.jar;C:\Users\LENOVO\.katalon\packages\KSE-10.2.4\plugins\com.atlassian.oai.swagger-request-validator-core_2.38.0.jar;C:\Users\LENOVO\.katalon\packages\KSE-10.2.4\plugins\io.swagger.compat-spec-parser_1.0.67.jar;C:\Users\LENOVO\.katalon\packages\KSE-10.2.4\plugins\io.swagger.core.v3.swagger-annotations_2.2.14.jar;C:\Users\LENOVO\.katalon\packages\KSE-10.2.4\plugins\io.swagger.core.v3.swagger-core_2.2.14.jar;C:\Users\LENOVO\.katalon\packages\KSE-10.2.4\plugins\io.swagger.core.v3.swagger-models_2.2.14.jar;C:\Users\LENOVO\.katalon\packages\KSE-10.2.4\plugins\io.swagger.parser.v3.swagger-parser-core_2.1.16.jar;C:\Users\LENOVO\.katalon\packages\KSE-10.2.4\plugins\io.swagger.parser.v3.swagger-parser-v2-converter_2.1.16.jar;C:\Users\LENOVO\.katalon\packages\KSE-10.2.4\plugins\com.github.java-json-tools.btf_1.3.0.jar;C:\Users\LENOVO\.katalon\packages\KSE-10.2.4\plugins\com.fasterxml.jackson.dataformat.jackson-dataformat-yaml_2.17.1.jar;C:\Users\LENOVO\.katalon\packages\KSE-10.2.4\plugins\org.yaml.snakeyaml_2.2.0.jar;C:\Users\LENOVO\.katalon\packages\KSE-10.2.4\plugins\com.github.java-json-tools.msg-simple_1.2.0.jar;C:\Users\LENOVO\.katalon\packages\KSE-10.2.4\plugins\jackson-core-asl_1.9.13.jar;C:\Users\LENOVO\.katalon\packages\KSE-10.2.4\plugins\joda-time_2.10.5.jar;C:\Users\LENOVO\.katalon\packages\KSE-10.2.4\plugins\javax.mail-api_1.6.2.jar;C:\Users\LENOVO\.katalon\packages\KSE-10.2.4\plugins\com.googlecode.libphonenumber_8.11.1.jar;C:\Users\LENOVO\.katalon\packages\KSE-10.2.4\plugins\com.google.guava.failureaccess_1.0.2.jar;C:\Users\LENOVO\.katalon\packages\KSE-10.2.4\plugins\io.swagger.parser.v3.swagger-parser_2.1.16.jar;C:\Users\LENOVO\.katalon\packages\KSE-10.2.4\plugins\io.swagger.parser.v3.swagger-parser-v3_2.1.16.jar;C:\Users\LENOVO\.katalon\packages\KSE-10.2.4\plugins\io.swagger.parser_1.0.67.jar;C:\Users\LENOVO\.katalon\packages\KSE-10.2.4\plugins\com.narupley.not-going-to-be-commons-ssl_0.3.20.jar;C:\Users\LENOVO\.katalon\packages\KSE-10.2.4\plugins\com.kms.katalon.core.windows_1.0.0.202507110548.jar;C:\Users\LENOVO\.katalon\packages\KSE-10.2.4\plugins\com.sun.jna.platform_5.14.0.jar;C:\Users\LENOVO\.katalon\packages\KSE-10.2.4\plugins\com.kms.katalon.core.testng_1.0.0.202507110548.jar;C:\Users\LENOVO\.katalon\packages\KSE-10.2.4\plugins\org.testng_7.8.0.jar;C:\Users\LENOVO\.katalon\packages\KSE-10.2.4\plugins\org.codehaus.groovy_3.0.22.v202409302028-e2409\lib\groovy-3.0.22-indy.jar;C:\Users\LENOVO\.katalon\packages\KSE-10.2.4\plugins\org.codehaus.groovy_3.0.22.v202409302028-e2409\lib\ivy-2.5.2.jar --main groovy.ui.GroovyMain --encoding UTF-8 --indy C:\Users\LENOVO\Katalon Studio\guru 99 bank\Libs\TempTestCase1754196023662.groovy

Host: Intel(R) Core(TM) i3-6006U CPU @ 2.00GHz, 4 cores, 3G,  Windows 10 , 64 bit Build 19041 (10.0.19041.5915)
Time: Sat Aug  2 21:40:41 2025 Pacific Daylight Time elapsed time: 14.737830 seconds (0d 0h 0m 14s)

---------------  T H R E A D  ---------------

Current thread (0x000001aa9b0ee550):  JavaThread "C2 CompilerThread0" daemon [_thread_in_native, id=16216, stack(0x00000046e4b00000,0x00000046e4c00000)]


Current CompileTask:
C2:  14737 3051       4       jdk.internal.org.objectweb.asm.Frame::execute (2305 bytes)

Stack: [0x00000046e4b00000,0x00000046e4c00000]
Native frames: (J=compiled Java code, j=interpreted, Vv=VM code, C=native code)
V  [jvm.dll+0x682eb9]
V  [jvm.dll+0x8399c8]
V  [jvm.dll+0x83b473]
V  [jvm.dll+0x83bae3]
V  [jvm.dll+0x24715f]
V  [jvm.dll+0xace44]
V  [jvm.dll+0xad4dc]
V  [jvm.dll+0x365b0f]
V  [jvm.dll+0x1ba873]
V  [jvm.dll+0x2182a7]
V  [jvm.dll+0x21758f]
V  [jvm.dll+0x1a3150]
V  [jvm.dll+0x22799c]
V  [jvm.dll+0x225afb]
V  [jvm.dll+0x7ef128]
V  [jvm.dll+0x7e948c]
V  [jvm.dll+0x681d97]
C  [ucrtbase.dll+0x21bb2]
C  [KERNEL32.DLL+0x17374]
C  [ntdll.dll+0x4cc91]


---------------  P R O C E S S  ---------------

Threads class SMR info:
_java_thread_list=0x000001aa9b1e2440, length=12, elements={
0x000001aaffe72160, 0x000001aa9b079a90, 0x000001aa9b07dff0, 0x000001aa9b09f8e0,
0x000001aa9b0a2580, 0x000001aa9b0e53d0, 0x000001aa9b0e5ca0, 0x000001aa9b0ee550,
0x000001aa9b0eef10, 0x000001aa9b0efc10, 0x000001aa9b340a00, 0x000001aa9bd07590
}

Java Threads: ( => current thread )
  0x000001aaffe72160 JavaThread "main" [_thread_in_native, id=7716, stack(0x00000046e3e00000,0x00000046e3f00000)]
  0x000001aa9b079a90 JavaThread "Reference Handler" daemon [_thread_blocked, id=19336, stack(0x00000046e4500000,0x00000046e4600000)]
  0x000001aa9b07dff0 JavaThread "Finalizer" daemon [_thread_blocked, id=18160, stack(0x00000046e4600000,0x00000046e4700000)]
  0x000001aa9b09f8e0 JavaThread "Signal Dispatcher" daemon [_thread_blocked, id=18124, stack(0x00000046e4700000,0x00000046e4800000)]
  0x000001aa9b0a2580 JavaThread "Attach Listener" daemon [_thread_blocked, id=472, stack(0x00000046e4800000,0x00000046e4900000)]
  0x000001aa9b0e53d0 JavaThread "Service Thread" daemon [_thread_blocked, id=15372, stack(0x00000046e4900000,0x00000046e4a00000)]
  0x000001aa9b0e5ca0 JavaThread "Monitor Deflation Thread" daemon [_thread_blocked, id=12560, stack(0x00000046e4a00000,0x00000046e4b00000)]
=>0x000001aa9b0ee550 JavaThread "C2 CompilerThread0" daemon [_thread_in_native, id=16216, stack(0x00000046e4b00000,0x00000046e4c00000)]
  0x000001aa9b0eef10 JavaThread "C1 CompilerThread0" daemon [_thread_blocked, id=3888, stack(0x00000046e4c00000,0x00000046e4d00000)]
  0x000001aa9b0efc10 JavaThread "Sweeper thread" daemon [_thread_blocked, id=9688, stack(0x00000046e4d00000,0x00000046e4e00000)]
  0x000001aa9b340a00 JavaThread "Common-Cleaner" daemon [_thread_blocked, id=17980, stack(0x00000046e4e00000,0x00000046e4f00000)]
  0x000001aa9bd07590 JavaThread "Notification Thread" daemon [_thread_blocked, id=6280, stack(0x00000046e5000000,0x00000046e5100000)]

Other Threads:
  0x000001aa9b073360 VMThread "VM Thread" [stack: 0x00000046e4400000,0x00000046e4500000] [id=15256]
  0x000001aa9bd07a70 WatcherThread [stack: 0x00000046e5100000,0x00000046e5200000] [id=3400]
  0x000001aaffece790 GCTaskThread "GC Thread#0" [stack: 0x00000046e3f00000,0x00000046e4000000] [id=18784]
  0x000001aa9b933120 GCTaskThread "GC Thread#1" [stack: 0x00000046e4f00000,0x00000046e5000000] [id=2380]
  0x000001aaa0894250 GCTaskThread "GC Thread#2" [stack: 0x00000046e5200000,0x00000046e5300000] [id=8240]
  0x000001aaa0855ba0 GCTaskThread "GC Thread#3" [stack: 0x00000046e5300000,0x00000046e5400000] [id=13556]
  0x000001aaffedfd90 ConcurrentGCThread "G1 Main Marker" [stack: 0x00000046e4000000,0x00000046e4100000] [id=17740]
  0x000001aaffee06c0 ConcurrentGCThread "G1 Conc#0" [stack: 0x00000046e4100000,0x00000046e4200000] [id=12840]
  0x000001aaffefd120 ConcurrentGCThread "G1 Refine#0" [stack: 0x00000046e4200000,0x00000046e4300000] [id=14128]
  0x000001aa9bd1c130 ConcurrentGCThread "G1 Refine#1" [stack: 0x00000046e5400000,0x00000046e5500000] [id=17760]
  0x000001aaffefda60 ConcurrentGCThread "G1 Service" [stack: 0x00000046e4300000,0x00000046e4400000] [id=18724]

Threads with active compile tasks:
C2 CompilerThread0    14907 3051       4       jdk.internal.org.objectweb.asm.Frame::execute (2305 bytes)

VM state: not at safepoint (normal execution)

VM Mutex/Monitor currently owned by a thread: None

Heap address: 0x0000000080000000, size: 2048 MB, Compressed Oops mode: 32-bit

CDS archive(s) not mapped
Compressed class space mapped at: 0x0000000100000000-0x0000000140000000, reserved size: 1073741824
Narrow klass base: 0x0000000000000000, Narrow klass shift: 3, Narrow klass range: 0x140000000

GC Precious Log:
 CPUs: 4 total, 4 available
 Memory: 3969M
 Large Page Support: Disabled
 NUMA Support: Disabled
 Compressed Oops: Enabled (32-bit)
 Heap Region Size: 1M
 Heap Min Capacity: 8M
 Heap Initial Capacity: 64M
 Heap Max Capacity: 2G
 Pre-touch: Disabled
 Parallel Workers: 4
 Concurrent Workers: 1
 Concurrent Refinement Workers: 4
 Periodic GC: Disabled

Heap:
 garbage-first heap   total 131072K, used 27789K [0x0000000080000000, 0x0000000100000000)
  region size 1024K, 9 young (9216K), 3 survivors (3072K)
 Metaspace       used 26676K, committed 27008K, reserved 1114112K
  class space    used 2795K, committed 2944K, reserved 1048576K

Heap Regions: E=young(eden), S=young(survivor), O=old, HS=humongous(starts), HC=humongous(continues), CS=collection set, F=free, OA=open archive, CA=closed archive, TAMS=top-at-mark-start (previous, next)
|   0|0x0000000080000000, 0x0000000080100000, 0x0000000080100000|100%|HS|  |TAMS 0x0000000080100000, 0x0000000080000000| Complete 
|   1|0x0000000080100000, 0x0000000080200000, 0x0000000080200000|100%|HS|  |TAMS 0x0000000080200000, 0x0000000080100000| Complete 
|   2|0x0000000080200000, 0x0000000080300000, 0x0000000080300000|100%| O|  |TAMS 0x0000000080300000, 0x0000000080200000| Untracked 
|   3|0x0000000080300000, 0x0000000080400000, 0x0000000080400000|100%| O|  |TAMS 0x0000000080400000, 0x0000000080300000| Untracked 
|   4|0x0000000080400000, 0x0000000080400000, 0x0000000080500000|  0%| F|  |TAMS 0x0000000080400000, 0x0000000080400000| Untracked 
|   5|0x0000000080500000, 0x0000000080600000, 0x0000000080600000|100%| O|  |TAMS 0x0000000080600000, 0x0000000080500000| Untracked 
|   6|0x0000000080600000, 0x0000000080700000, 0x0000000080700000|100%| O|  |TAMS 0x0000000080700000, 0x0000000080600000| Untracked 
|   7|0x0000000080700000, 0x0000000080800000, 0x0000000080800000|100%| O|  |TAMS 0x0000000080800000, 0x0000000080700000| Untracked 
|   8|0x0000000080800000, 0x0000000080900000, 0x0000000080900000|100%| O|  |TAMS 0x0000000080900000, 0x0000000080800000| Untracked 
|   9|0x0000000080900000, 0x0000000080a00000, 0x0000000080a00000|100%| O|  |TAMS 0x0000000080a00000, 0x0000000080900000| Untracked 
|  10|0x0000000080a00000, 0x0000000080b00000, 0x0000000080b00000|100%| O|  |TAMS 0x0000000080b00000, 0x0000000080a00000| Untracked 
|  11|0x0000000080b00000, 0x0000000080c00000, 0x0000000080c00000|100%| O|  |TAMS 0x0000000080c00000, 0x0000000080b00000| Untracked 
|  12|0x0000000080c00000, 0x0000000080d00000, 0x0000000080d00000|100%| O|  |TAMS 0x0000000080d00000, 0x0000000080c00000| Untracked 
|  13|0x0000000080d00000, 0x0000000080e00000, 0x0000000080e00000|100%| O|  |TAMS 0x0000000080e00000, 0x0000000080d00000| Untracked 
|  14|0x0000000080e00000, 0x0000000080f00000, 0x0000000080f00000|100%| O|  |TAMS 0x0000000080f00000, 0x0000000080e00000| Untracked 
|  15|0x0000000080f00000, 0x0000000081000000, 0x0000000081000000|100%| O|  |TAMS 0x0000000081000000, 0x0000000080f00000| Untracked 
|  16|0x0000000081000000, 0x0000000081100000, 0x0000000081100000|100%| O|  |TAMS 0x0000000081100000, 0x0000000081000000| Untracked 
|  17|0x0000000081100000, 0x0000000081200000, 0x0000000081200000|100%| O|  |TAMS 0x00000000811c9000, 0x0000000081100000| Untracked 
|  18|0x0000000081200000, 0x0000000081300000, 0x0000000081300000|100%| O|  |TAMS 0x0000000081200000, 0x0000000081200000| Untracked 
|  19|0x0000000081300000, 0x0000000081400000, 0x0000000081400000|100%| O|  |TAMS 0x0000000081300000, 0x0000000081300000| Untracked 
|  20|0x0000000081400000, 0x0000000081500000, 0x0000000081500000|100%| O|  |TAMS 0x0000000081400000, 0x0000000081400000| Untracked 
|  21|0x0000000081500000, 0x0000000081600000, 0x0000000081600000|100%| O|  |TAMS 0x0000000081500000, 0x0000000081500000| Untracked 
|  22|0x0000000081600000, 0x000000008161dc00, 0x0000000081700000| 11%| O|  |TAMS 0x0000000081600000, 0x0000000081600000| Untracked 
|  23|0x0000000081700000, 0x0000000081700000, 0x0000000081800000|  0%| F|  |TAMS 0x0000000081700000, 0x0000000081700000| Untracked 
|  24|0x0000000081800000, 0x0000000081800000, 0x0000000081900000|  0%| F|  |TAMS 0x0000000081800000, 0x0000000081800000| Untracked 
|  25|0x0000000081900000, 0x0000000081900000, 0x0000000081a00000|  0%| F|  |TAMS 0x0000000081900000, 0x0000000081900000| Untracked 
|  26|0x0000000081a00000, 0x0000000081a00000, 0x0000000081b00000|  0%| F|  |TAMS 0x0000000081a00000, 0x0000000081a00000| Untracked 
|  27|0x0000000081b00000, 0x0000000081b00000, 0x0000000081c00000|  0%| F|  |TAMS 0x0000000081b00000, 0x0000000081b00000| Untracked 
|  28|0x0000000081c00000, 0x0000000081c00000, 0x0000000081d00000|  0%| F|  |TAMS 0x0000000081c00000, 0x0000000081c00000| Untracked 
|  29|0x0000000081d00000, 0x0000000081d00000, 0x0000000081e00000|  0%| F|  |TAMS 0x0000000081d00000, 0x0000000081d00000| Untracked 
|  30|0x0000000081e00000, 0x0000000081e00000, 0x0000000081f00000|  0%| F|  |TAMS 0x0000000081e00000, 0x0000000081e00000| Untracked 
|  31|0x0000000081f00000, 0x0000000081f00000, 0x0000000082000000|  0%| F|  |TAMS 0x0000000081f00000, 0x0000000081f00000| Untracked 
|  32|0x0000000082000000, 0x0000000082000000, 0x0000000082100000|  0%| F|  |TAMS 0x0000000082000000, 0x0000000082000000| Untracked 
|  33|0x0000000082100000, 0x0000000082100000, 0x0000000082200000|  0%| F|  |TAMS 0x0000000082100000, 0x0000000082100000| Untracked 
|  34|0x0000000082200000, 0x0000000082200000, 0x0000000082300000|  0%| F|  |TAMS 0x0000000082200000, 0x0000000082200000| Untracked 
|  35|0x0000000082300000, 0x0000000082305920, 0x0000000082400000|  2%| S|CS|TAMS 0x0000000082300000, 0x0000000082300000| Complete 
|  36|0x0000000082400000, 0x0000000082500000, 0x0000000082500000|100%| S|CS|TAMS 0x0000000082400000, 0x0000000082400000| Complete 
|  37|0x0000000082500000, 0x0000000082600000, 0x0000000082600000|100%| S|CS|TAMS 0x0000000082500000, 0x0000000082500000| Complete 
|  38|0x0000000082600000, 0x0000000082600000, 0x0000000082700000|  0%| F|  |TAMS 0x0000000082600000, 0x0000000082600000| Untracked 
|  39|0x0000000082700000, 0x0000000082700000, 0x0000000082800000|  0%| F|  |TAMS 0x0000000082700000, 0x0000000082700000| Untracked 
|  40|0x0000000082800000, 0x0000000082800000, 0x0000000082900000|  0%| F|  |TAMS 0x0000000082800000, 0x0000000082800000| Untracked 
|  41|0x0000000082900000, 0x0000000082900000, 0x0000000082a00000|  0%| F|  |TAMS 0x0000000082900000, 0x0000000082900000| Untracked 
|  42|0x0000000082a00000, 0x0000000082a00000, 0x0000000082b00000|  0%| F|  |TAMS 0x0000000082a00000, 0x0000000082a00000| Untracked 
|  43|0x0000000082b00000, 0x0000000082b00000, 0x0000000082c00000|  0%| F|  |TAMS 0x0000000082b00000, 0x0000000082b00000| Untracked 
|  44|0x0000000082c00000, 0x0000000082c00000, 0x0000000082d00000|  0%| F|  |TAMS 0x0000000082c00000, 0x0000000082c00000| Untracked 
|  45|0x0000000082d00000, 0x0000000082d00000, 0x0000000082e00000|  0%| F|  |TAMS 0x0000000082d00000, 0x0000000082d00000| Untracked 
|  46|0x0000000082e00000, 0x0000000082e00000, 0x0000000082f00000|  0%| F|  |TAMS 0x0000000082e00000, 0x0000000082e00000| Untracked 
|  47|0x0000000082f00000, 0x0000000082f00000, 0x0000000083000000|  0%| F|  |TAMS 0x0000000082f00000, 0x0000000082f00000| Untracked 
|  48|0x0000000083000000, 0x0000000083000000, 0x0000000083100000|  0%| F|  |TAMS 0x0000000083000000, 0x0000000083000000| Untracked 
|  49|0x0000000083100000, 0x0000000083100000, 0x0000000083200000|  0%| F|  |TAMS 0x0000000083100000, 0x0000000083100000| Untracked 
|  50|0x0000000083200000, 0x0000000083200000, 0x0000000083300000|  0%| F|  |TAMS 0x0000000083200000, 0x0000000083200000| Untracked 
|  51|0x0000000083300000, 0x0000000083300000, 0x0000000083400000|  0%| F|  |TAMS 0x0000000083300000, 0x0000000083300000| Untracked 
|  52|0x0000000083400000, 0x0000000083400000, 0x0000000083500000|  0%| F|  |TAMS 0x0000000083400000, 0x0000000083400000| Untracked 
|  53|0x0000000083500000, 0x0000000083500000, 0x0000000083600000|  0%| F|  |TAMS 0x0000000083500000, 0x0000000083500000| Untracked 
|  54|0x0000000083600000, 0x0000000083600000, 0x0000000083700000|  0%| F|  |TAMS 0x0000000083600000, 0x0000000083600000| Untracked 
|  55|0x0000000083700000, 0x0000000083700000, 0x0000000083800000|  0%| F|  |TAMS 0x0000000083700000, 0x0000000083700000| Untracked 
|  56|0x0000000083800000, 0x0000000083800000, 0x0000000083900000|  0%| F|  |TAMS 0x0000000083800000, 0x0000000083800000| Untracked 
|  57|0x0000000083900000, 0x0000000083900000, 0x0000000083a00000|  0%| F|  |TAMS 0x0000000083900000, 0x0000000083900000| Untracked 
|  58|0x0000000083a00000, 0x0000000083a00000, 0x0000000083b00000|  0%| F|  |TAMS 0x0000000083a00000, 0x0000000083a00000| Untracked 
|  59|0x0000000083b00000, 0x0000000083b00000, 0x0000000083c00000|  0%| F|  |TAMS 0x0000000083b00000, 0x0000000083b00000| Untracked 
|  60|0x0000000083c00000, 0x0000000083c00000, 0x0000000083d00000|  0%| F|  |TAMS 0x0000000083c00000, 0x0000000083c00000| Untracked 
|  61|0x0000000083d00000, 0x0000000083d00000, 0x0000000083e00000|  0%| F|  |TAMS 0x0000000083d00000, 0x0000000083d00000| Untracked 
|  62|0x0000000083e00000, 0x0000000083e00000, 0x0000000083f00000|  0%| F|  |TAMS 0x0000000083e00000, 0x0000000083e00000| Untracked 
|  63|0x0000000083f00000, 0x0000000083f00000, 0x0000000084000000|  0%| F|  |TAMS 0x0000000083f00000, 0x0000000083f00000| Untracked 
|  64|0x0000000084000000, 0x0000000084000000, 0x0000000084100000|  0%| F|  |TAMS 0x0000000084000000, 0x0000000084000000| Untracked 
|  65|0x0000000084100000, 0x0000000084100000, 0x0000000084200000|  0%| F|  |TAMS 0x0000000084100000, 0x0000000084100000| Untracked 
|  66|0x0000000084200000, 0x0000000084200000, 0x0000000084300000|  0%| F|  |TAMS 0x0000000084200000, 0x0000000084200000| Untracked 
|  67|0x0000000084300000, 0x0000000084300000, 0x0000000084400000|  0%| F|  |TAMS 0x0000000084300000, 0x0000000084300000| Untracked 
|  68|0x0000000084400000, 0x0000000084400000, 0x0000000084500000|  0%| F|  |TAMS 0x0000000084400000, 0x0000000084400000| Untracked 
|  69|0x0000000084500000, 0x0000000084500000, 0x0000000084600000|  0%| F|  |TAMS 0x0000000084500000, 0x0000000084500000| Untracked 
|  70|0x0000000084600000, 0x0000000084600000, 0x0000000084700000|  0%| F|  |TAMS 0x0000000084600000, 0x0000000084600000| Untracked 
|  71|0x0000000084700000, 0x0000000084700000, 0x0000000084800000|  0%| F|  |TAMS 0x0000000084700000, 0x0000000084700000| Untracked 
|  72|0x0000000084800000, 0x0000000084800000, 0x0000000084900000|  0%| F|  |TAMS 0x0000000084800000, 0x0000000084800000| Untracked 
|  73|0x0000000084900000, 0x0000000084900000, 0x0000000084a00000|  0%| F|  |TAMS 0x0000000084900000, 0x0000000084900000| Untracked 
|  74|0x0000000084a00000, 0x0000000084a00000, 0x0000000084b00000|  0%| F|  |TAMS 0x0000000084a00000, 0x0000000084a00000| Untracked 
|  75|0x0000000084b00000, 0x0000000084b00000, 0x0000000084c00000|  0%| F|  |TAMS 0x0000000084b00000, 0x0000000084b00000| Untracked 
|  76|0x0000000084c00000, 0x0000000084c00000, 0x0000000084d00000|  0%| F|  |TAMS 0x0000000084c00000, 0x0000000084c00000| Untracked 
|  77|0x0000000084d00000, 0x0000000084d00000, 0x0000000084e00000|  0%| F|  |TAMS 0x0000000084d00000, 0x0000000084d00000| Untracked 
|  78|0x0000000084e00000, 0x0000000084e00000, 0x0000000084f00000|  0%| F|  |TAMS 0x0000000084e00000, 0x0000000084e00000| Untracked 
|  79|0x0000000084f00000, 0x0000000084f00000, 0x0000000085000000|  0%| F|  |TAMS 0x0000000084f00000, 0x0000000084f00000| Untracked 
|  80|0x0000000085000000, 0x0000000085000000, 0x0000000085100000|  0%| F|  |TAMS 0x0000000085000000, 0x0000000085000000| Untracked 
|  81|0x0000000085100000, 0x0000000085100000, 0x0000000085200000|  0%| F|  |TAMS 0x0000000085100000, 0x0000000085100000| Untracked 
|  82|0x0000000085200000, 0x0000000085200000, 0x0000000085300000|  0%| F|  |TAMS 0x0000000085200000, 0x0000000085200000| Untracked 
|  83|0x0000000085300000, 0x0000000085300000, 0x0000000085400000|  0%| F|  |TAMS 0x0000000085300000, 0x0000000085300000| Untracked 
|  84|0x0000000085400000, 0x0000000085400000, 0x0000000085500000|  0%| F|  |TAMS 0x0000000085400000, 0x0000000085400000| Untracked 
|  85|0x0000000085500000, 0x0000000085500000, 0x0000000085600000|  0%| F|  |TAMS 0x0000000085500000, 0x0000000085500000| Untracked 
|  86|0x0000000085600000, 0x0000000085600000, 0x0000000085700000|  0%| F|  |TAMS 0x0000000085600000, 0x0000000085600000| Untracked 
|  87|0x0000000085700000, 0x0000000085700000, 0x0000000085800000|  0%| F|  |TAMS 0x0000000085700000, 0x0000000085700000| Untracked 
|  88|0x0000000085800000, 0x0000000085800000, 0x0000000085900000|  0%| F|  |TAMS 0x0000000085800000, 0x0000000085800000| Untracked 
|  89|0x0000000085900000, 0x0000000085900000, 0x0000000085a00000|  0%| F|  |TAMS 0x0000000085900000, 0x0000000085900000| Untracked 
|  90|0x0000000085a00000, 0x0000000085a00000, 0x0000000085b00000|  0%| F|  |TAMS 0x0000000085a00000, 0x0000000085a00000| Untracked 
|  91|0x0000000085b00000, 0x0000000085b00000, 0x0000000085c00000|  0%| F|  |TAMS 0x0000000085b00000, 0x0000000085b00000| Untracked 
|  92|0x0000000085c00000, 0x0000000085c00000, 0x0000000085d00000|  0%| F|  |TAMS 0x0000000085c00000, 0x0000000085c00000| Untracked 
|  93|0x0000000085d00000, 0x0000000085d00000, 0x0000000085e00000|  0%| F|  |TAMS 0x0000000085d00000, 0x0000000085d00000| Untracked 
|  94|0x0000000085e00000, 0x0000000085e00000, 0x0000000085f00000|  0%| F|  |TAMS 0x0000000085e00000, 0x0000000085e00000| Untracked 
|  95|0x0000000085f00000, 0x0000000085f00000, 0x0000000086000000|  0%| F|  |TAMS 0x0000000085f00000, 0x0000000085f00000| Untracked 
|  96|0x0000000086000000, 0x0000000086000000, 0x0000000086100000|  0%| F|  |TAMS 0x0000000086000000, 0x0000000086000000| Untracked 
|  97|0x0000000086100000, 0x0000000086100000, 0x0000000086200000|  0%| F|  |TAMS 0x0000000086100000, 0x0000000086100000| Untracked 
|  98|0x0000000086200000, 0x0000000086200000, 0x0000000086300000|  0%| F|  |TAMS 0x0000000086200000, 0x0000000086200000| Untracked 
|  99|0x0000000086300000, 0x0000000086300000, 0x0000000086400000|  0%| F|  |TAMS 0x0000000086300000, 0x0000000086300000| Untracked 
| 100|0x0000000086400000, 0x0000000086400000, 0x0000000086500000|  0%| F|  |TAMS 0x0000000086400000, 0x0000000086400000| Untracked 
| 101|0x0000000086500000, 0x0000000086500000, 0x0000000086600000|  0%| F|  |TAMS 0x0000000086500000, 0x0000000086500000| Untracked 
| 102|0x0000000086600000, 0x0000000086600000, 0x0000000086700000|  0%| F|  |TAMS 0x0000000086600000, 0x0000000086600000| Untracked 
| 103|0x0000000086700000, 0x0000000086700000, 0x0000000086800000|  0%| F|  |TAMS 0x0000000086700000, 0x0000000086700000| Untracked 
| 104|0x0000000086800000, 0x0000000086800000, 0x0000000086900000|  0%| F|  |TAMS 0x0000000086800000, 0x0000000086800000| Untracked 
| 105|0x0000000086900000, 0x0000000086900000, 0x0000000086a00000|  0%| F|  |TAMS 0x0000000086900000, 0x0000000086900000| Untracked 
| 106|0x0000000086a00000, 0x0000000086a00000, 0x0000000086b00000|  0%| F|  |TAMS 0x0000000086a00000, 0x0000000086a00000| Untracked 
| 107|0x0000000086b00000, 0x0000000086b00000, 0x0000000086c00000|  0%| F|  |TAMS 0x0000000086b00000, 0x0000000086b00000| Untracked 
| 108|0x0000000086c00000, 0x0000000086c00000, 0x0000000086d00000|  0%| F|  |TAMS 0x0000000086c00000, 0x0000000086c00000| Untracked 
| 109|0x0000000086d00000, 0x0000000086d00000, 0x0000000086e00000|  0%| F|  |TAMS 0x0000000086d00000, 0x0000000086d00000| Untracked 
| 110|0x0000000086e00000, 0x0000000086e00000, 0x0000000086f00000|  0%| F|  |TAMS 0x0000000086e00000, 0x0000000086e00000| Untracked 
| 111|0x0000000086f00000, 0x0000000086f00000, 0x0000000087000000|  0%| F|  |TAMS 0x0000000086f00000, 0x0000000086f00000| Untracked 
| 112|0x0000000087000000, 0x0000000087000000, 0x0000000087100000|  0%| F|  |TAMS 0x0000000087000000, 0x0000000087000000| Untracked 
| 113|0x0000000087100000, 0x0000000087100000, 0x0000000087200000|  0%| F|  |TAMS 0x0000000087100000, 0x0000000087100000| Untracked 
| 114|0x0000000087200000, 0x0000000087200000, 0x0000000087300000|  0%| F|  |TAMS 0x0000000087200000, 0x0000000087200000| Untracked 
| 115|0x0000000087300000, 0x0000000087300000, 0x0000000087400000|  0%| F|  |TAMS 0x0000000087300000, 0x0000000087300000| Untracked 
| 116|0x0000000087400000, 0x0000000087400000, 0x0000000087500000|  0%| F|  |TAMS 0x0000000087400000, 0x0000000087400000| Untracked 
| 117|0x0000000087500000, 0x0000000087500000, 0x0000000087600000|  0%| F|  |TAMS 0x0000000087500000, 0x0000000087500000| Untracked 
| 118|0x0000000087600000, 0x0000000087600000, 0x0000000087700000|  0%| F|  |TAMS 0x0000000087600000, 0x0000000087600000| Untracked 
| 119|0x0000000087700000, 0x0000000087700000, 0x0000000087800000|  0%| F|  |TAMS 0x0000000087700000, 0x0000000087700000| Untracked 
| 120|0x0000000087800000, 0x0000000087800000, 0x0000000087900000|  0%| F|  |TAMS 0x0000000087800000, 0x0000000087800000| Untracked 
| 121|0x0000000087900000, 0x0000000087980000, 0x0000000087a00000| 50%| E|  |TAMS 0x0000000087900000, 0x0000000087900000| Complete 
| 122|0x0000000087a00000, 0x0000000087b00000, 0x0000000087b00000|100%| E|CS|TAMS 0x0000000087a00000, 0x0000000087a00000| Complete 
| 123|0x0000000087b00000, 0x0000000087c00000, 0x0000000087c00000|100%| E|CS|TAMS 0x0000000087b00000, 0x0000000087b00000| Complete 
| 124|0x0000000087c00000, 0x0000000087d00000, 0x0000000087d00000|100%| E|CS|TAMS 0x0000000087c00000, 0x0000000087c00000| Complete 
| 125|0x0000000087d00000, 0x0000000087e00000, 0x0000000087e00000|100%| E|CS|TAMS 0x0000000087d00000, 0x0000000087d00000| Complete 
| 126|0x0000000087e00000, 0x0000000087f00000, 0x0000000087f00000|100%| E|CS|TAMS 0x0000000087e00000, 0x0000000087e00000| Complete 
| 127|0x0000000087f00000, 0x0000000088000000, 0x0000000088000000|100%| E|  |TAMS 0x0000000087f00000, 0x0000000087f00000| Complete 

Card table byte_map: [0x000001aa94220000,0x000001aa94620000] _byte_map_base: 0x000001aa93e20000

Marking Bits (Prev, Next): (CMBitMap*) 0x000001aaffeced00, (CMBitMap*) 0x000001aaffececc0
 Prev Bits: [0x000001aa96a20000, 0x000001aa98a20000)
 Next Bits: [0x000001aa94a20000, 0x000001aa96a20000)

Polling page: 0x000001aaff940000

Metaspace:

Usage:
  Non-class:     23.34 MB used.
      Class:      2.73 MB used.
       Both:     26.07 MB used.

Virtual space:
  Non-class space:       64.00 MB reserved,      23.56 MB ( 37%) committed,  1 nodes.
      Class space:        1.00 GB reserved,       2.88 MB ( <1%) committed,  1 nodes.
             Both:        1.06 GB reserved,      26.44 MB (  2%) committed. 

Chunk freelists:
   Non-Class:  8.23 MB
       Class:  13.03 MB
        Both:  21.27 MB

MaxMetaspaceSize: unlimited
CompressedClassSpaceSize: 1.00 GB
Initial GC threshold: 21.00 MB
Current GC threshold: 35.12 MB
CDS: off
MetaspaceReclaimPolicy: balanced
 - commit_granule_bytes: 65536.
 - commit_granule_words: 8192.
 - virtual_space_node_default_size: 8388608.
 - enlarge_chunks_in_place: 1.
 - new_chunks_are_fully_committed: 0.
 - uncommit_free_chunks: 1.
 - use_allocation_guard: 0.
 - handle_deallocations: 1.


Internal statistics:

num_allocs_failed_limit: 3.
num_arena_births: 338.
num_arena_deaths: 0.
num_vsnodes_births: 2.
num_vsnodes_deaths: 0.
num_space_committed: 423.
num_space_uncommitted: 0.
num_chunks_returned_to_freelist: 3.
num_chunks_taken_from_freelist: 874.
num_chunk_merges: 3.
num_chunk_splits: 584.
num_chunks_enlarged: 392.
num_inconsistent_stats: 0.

CodeHeap 'non-profiled nmethods': size=120000Kb used=1587Kb max_used=1587Kb free=118413Kb
 bounds [0x000001aa8c3c0000, 0x000001aa8c630000, 0x000001aa938f0000]
CodeHeap 'profiled nmethods': size=120000Kb used=5990Kb max_used=5990Kb free=114009Kb
 bounds [0x000001aa848f0000, 0x000001aa84ed0000, 0x000001aa8be20000]
CodeHeap 'non-nmethods': size=5760Kb used=1547Kb max_used=1588Kb free=4212Kb
 bounds [0x000001aa8be20000, 0x000001aa8c090000, 0x000001aa8c3c0000]
 total_blobs=3855 nmethods=3259 adapters=508
 compilation: enabled
              stopped_count=0, restarted_count=0
 full_count=0

Compilation events (20 events):
Event: 14.703 Thread 0x000001aa9b0eef10 3194       2       sun.security.util.DerValue::isPrintableStringChar (184 bytes)
Event: 14.703 Thread 0x000001aa9b0eef10 nmethod 3194 0x000001aa84e9b590 code [0x000001aa84e9b720, 0x000001aa84e9b8d8]
Event: 14.724 Thread 0x000001aa9b0eef10 3196       2       sun.security.provider.SHA5::lf_S (11 bytes)
Event: 14.724 Thread 0x000001aa9b0eef10 nmethod 3196 0x000001aa84e9b990 code [0x000001aa84e9bb20, 0x000001aa84e9bc18]
Event: 14.724 Thread 0x000001aa9b0eef10 3197       2       sun.security.provider.SHA5::lf_R (4 bytes)
Event: 14.724 Thread 0x000001aa9b0eef10 nmethod 3197 0x000001aa84e9bc90 code [0x000001aa84e9be20, 0x000001aa84e9bf18]
Event: 14.725 Thread 0x000001aa9b0eef10 3199       2       sun.security.provider.SHA5::lf_delta1 (21 bytes)
Event: 14.725 Thread 0x000001aa9b0eef10 nmethod 3199 0x000001aa84e9bf90 code [0x000001aa84e9c140, 0x000001aa84e9c298]
Event: 14.725 Thread 0x000001aa9b0eef10 3201       2       sun.security.provider.SHA5::lf_sigma1 (21 bytes)
Event: 14.725 Thread 0x000001aa9b0eef10 nmethod 3201 0x000001aa84e9c390 code [0x000001aa84e9c540, 0x000001aa84e9c6c8]
Event: 14.725 Thread 0x000001aa9b0eef10 3200       2       sun.security.provider.SHA5::lf_delta0 (20 bytes)
Event: 14.725 Thread 0x000001aa9b0eef10 nmethod 3200 0x000001aa84e9c790 code [0x000001aa84e9c940, 0x000001aa84e9ca98]
Event: 14.725 Thread 0x000001aa9b0eef10 3202       2       sun.security.provider.SHA5::lf_ch (13 bytes)
Event: 14.725 Thread 0x000001aa9b0eef10 nmethod 3202 0x000001aa84e9cb90 code [0x000001aa84e9cd20, 0x000001aa84e9ce18]
Event: 14.725 Thread 0x000001aa9b0eef10 3203       2       sun.security.provider.SHA5::lf_sigma0 (21 bytes)
Event: 14.726 Thread 0x000001aa9b0eef10 nmethod 3203 0x000001aa84e9ce90 code [0x000001aa84e9d040, 0x000001aa84e9d1c8]
Event: 14.726 Thread 0x000001aa9b0eef10 3204       2       sun.security.provider.SHA5::lf_maj (14 bytes)
Event: 14.726 Thread 0x000001aa9b0eef10 nmethod 3204 0x000001aa84e9d290 code [0x000001aa84e9d420, 0x000001aa84e9d518]
Event: 14.726 Thread 0x000001aa9b0eef10 3205       2       jdk.internal.misc.Unsafe::getLongUnaligned (12 bytes)
Event: 14.726 Thread 0x000001aa9b0eef10 nmethod 3205 0x000001aa84e9d590 code [0x000001aa84e9d720, 0x000001aa84e9d848]

GC Heap History (20 events):
Event: 3.338 GC heap before
{Heap before GC invocations=0 (full 0):
 garbage-first heap   total 65536K, used 14336K [0x0000000080000000, 0x0000000100000000)
  region size 1024K, 13 young (13312K), 0 survivors (0K)
 Metaspace       used 4869K, committed 4992K, reserved 1114112K
  class space    used 387K, committed 448K, reserved 1048576K
}
Event: 3.366 GC heap after
{Heap after GC invocations=1 (full 0):
 garbage-first heap   total 65536K, used 11624K [0x0000000080000000, 0x0000000100000000)
  region size 1024K, 2 young (2048K), 2 survivors (2048K)
 Metaspace       used 4869K, committed 4992K, reserved 1114112K
  class space    used 387K, committed 448K, reserved 1048576K
}
Event: 5.640 GC heap before
{Heap before GC invocations=1 (full 0):
 garbage-first heap   total 65536K, used 18792K [0x0000000080000000, 0x0000000100000000)
  region size 1024K, 10 young (10240K), 2 survivors (2048K)
 Metaspace       used 6852K, committed 7040K, reserved 1114112K
  class space    used 522K, committed 640K, reserved 1048576K
}
Event: 5.648 GC heap after
{Heap after GC invocations=2 (full 0):
 garbage-first heap   total 65536K, used 14174K [0x0000000080000000, 0x0000000100000000)
  region size 1024K, 2 young (2048K), 2 survivors (2048K)
 Metaspace       used 6852K, committed 7040K, reserved 1114112K
  class space    used 522K, committed 640K, reserved 1048576K
}
Event: 9.043 GC heap before
{Heap before GC invocations=2 (full 0):
 garbage-first heap   total 65536K, used 28510K [0x0000000080000000, 0x0000000100000000)
  region size 1024K, 16 young (16384K), 2 survivors (2048K)
 Metaspace       used 10735K, committed 10880K, reserved 1114112K
  class space    used 896K, committed 960K, reserved 1048576K
}
Event: 9.052 GC heap after
{Heap after GC invocations=3 (full 0):
 garbage-first heap   total 65536K, used 15653K [0x0000000080000000, 0x0000000100000000)
  region size 1024K, 2 young (2048K), 2 survivors (2048K)
 Metaspace       used 10735K, committed 10880K, reserved 1114112K
  class space    used 896K, committed 960K, reserved 1048576K
}
Event: 10.716 GC heap before
{Heap before GC invocations=3 (full 0):
 garbage-first heap   total 65536K, used 34085K [0x0000000080000000, 0x0000000100000000)
  region size 1024K, 21 young (21504K), 2 survivors (2048K)
 Metaspace       used 16444K, committed 16640K, reserved 1114112K
  class space    used 1541K, committed 1664K, reserved 1048576K
}
Event: 10.727 GC heap after
{Heap after GC invocations=4 (full 0):
 garbage-first heap   total 65536K, used 19211K [0x0000000080000000, 0x0000000100000000)
  region size 1024K, 3 young (3072K), 3 survivors (3072K)
 Metaspace       used 16444K, committed 16640K, reserved 1114112K
  class space    used 1541K, committed 1664K, reserved 1048576K
}
Event: 11.232 GC heap before
{Heap before GC invocations=4 (full 0):
 garbage-first heap   total 65536K, used 39691K [0x0000000080000000, 0x0000000100000000)
  region size 1024K, 23 young (23552K), 3 survivors (3072K)
 Metaspace       used 17424K, committed 17600K, reserved 1114112K
  class space    used 1625K, committed 1728K, reserved 1048576K
}
Event: 11.244 GC heap after
{Heap after GC invocations=5 (full 0):
 garbage-first heap   total 65536K, used 19887K [0x0000000080000000, 0x0000000100000000)
  region size 1024K, 2 young (2048K), 2 survivors (2048K)
 Metaspace       used 17424K, committed 17600K, reserved 1114112K
  class space    used 1625K, committed 1728K, reserved 1048576K
}
Event: 12.394 GC heap before
{Heap before GC invocations=5 (full 0):
 garbage-first heap   total 65536K, used 39343K [0x0000000080000000, 0x0000000100000000)
  region size 1024K, 22 young (22528K), 2 survivors (2048K)
 Metaspace       used 21313K, committed 21504K, reserved 1114112K
  class space    used 2187K, committed 2240K, reserved 1048576K
}
Event: 12.403 GC heap after
{Heap after GC invocations=6 (full 0):
 garbage-first heap   total 65536K, used 21186K [0x0000000080000000, 0x0000000100000000)
  region size 1024K, 3 young (3072K), 3 survivors (3072K)
 Metaspace       used 21313K, committed 21504K, reserved 1114112K
  class space    used 2187K, committed 2240K, reserved 1048576K
}
Event: 13.157 GC heap before
{Heap before GC invocations=7 (full 0):
 garbage-first heap   total 65536K, used 43714K [0x0000000080000000, 0x0000000100000000)
  region size 1024K, 25 young (25600K), 3 survivors (3072K)
 Metaspace       used 22195K, committed 22400K, reserved 1114112K
  class space    used 2315K, committed 2432K, reserved 1048576K
}
Event: 13.169 GC heap after
{Heap after GC invocations=8 (full 0):
 garbage-first heap   total 65536K, used 22037K [0x0000000080000000, 0x0000000100000000)
  region size 1024K, 3 young (3072K), 3 survivors (3072K)
 Metaspace       used 22195K, committed 22400K, reserved 1114112K
  class space    used 2315K, committed 2432K, reserved 1048576K
}
Event: 13.181 GC heap before
{Heap before GC invocations=8 (full 0):
 garbage-first heap   total 65536K, used 23061K [0x0000000080000000, 0x0000000100000000)
  region size 1024K, 4 young (4096K), 3 survivors (3072K)
 Metaspace       used 22208K, committed 22400K, reserved 1114112K
  class space    used 2315K, committed 2432K, reserved 1048576K
}
Event: 13.188 GC heap after
{Heap after GC invocations=9 (full 0):
 garbage-first heap   total 65536K, used 22058K [0x0000000080000000, 0x0000000100000000)
  region size 1024K, 1 young (1024K), 1 survivors (1024K)
 Metaspace       used 22208K, committed 22400K, reserved 1114112K
  class space    used 2315K, committed 2432K, reserved 1048576K
}
Event: 13.301 GC heap before
{Heap before GC invocations=9 (full 0):
 garbage-first heap   total 65536K, used 45610K [0x0000000080000000, 0x0000000100000000)
  region size 1024K, 24 young (24576K), 1 survivors (1024K)
 Metaspace       used 22247K, committed 22528K, reserved 1114112K
  class space    used 2319K, committed 2432K, reserved 1048576K
}
Event: 13.303 GC heap after
{Heap after GC invocations=10 (full 0):
 garbage-first heap   total 65536K, used 21736K [0x0000000080000000, 0x0000000100000000)
  region size 1024K, 1 young (1024K), 1 survivors (1024K)
 Metaspace       used 22247K, committed 22528K, reserved 1114112K
  class space    used 2319K, committed 2432K, reserved 1048576K
}
Event: 14.479 GC heap before
{Heap before GC invocations=10 (full 0):
 garbage-first heap   total 65536K, used 47336K [0x0000000080000000, 0x0000000100000000)
  region size 1024K, 26 young (26624K), 1 survivors (1024K)
 Metaspace       used 24938K, committed 25216K, reserved 1114112K
  class space    used 2613K, committed 2752K, reserved 1048576K
}
Event: 14.488 GC heap after
{Heap after GC invocations=11 (full 0):
 garbage-first heap   total 131072K, used 23693K [0x0000000080000000, 0x0000000100000000)
  region size 1024K, 3 young (3072K), 3 survivors (3072K)
 Metaspace       used 24938K, committed 25216K, reserved 1114112K
  class space    used 2613K, committed 2752K, reserved 1048576K
}

Dll operation events (6 events):
Event: 0.137 Loaded shared library C:\Users\LENOVO\.katalon\packages\KSE-10.2.4\jre\bin\java.dll
Event: 0.886 Loaded shared library C:\Users\LENOVO\.katalon\packages\KSE-10.2.4\jre\bin\net.dll
Event: 0.900 Loaded shared library C:\Users\LENOVO\.katalon\packages\KSE-10.2.4\jre\bin\nio.dll
Event: 0.923 Loaded shared library C:\Users\LENOVO\.katalon\packages\KSE-10.2.4\jre\bin\zip.dll
Event: 6.170 Loaded shared library C:\Users\LENOVO\.katalon\packages\KSE-10.2.4\jre\bin\verify.dll
Event: 8.320 Loaded shared library C:\Users\LENOVO\.katalon\packages\KSE-10.2.4\jre\bin\jimage.dll

Deoptimization events (20 events):
Event: 14.632 Thread 0x000001aaffe72160 DEOPT PACKING pc=0x000001aa8c3d7d14 sp=0x00000046e3ef9410
Event: 14.633 Thread 0x000001aaffe72160 DEOPT UNPACKING pc=0x000001aa8be769a3 sp=0x00000046e3ef93a0 mode 2
Event: 14.638 Thread 0x000001aaffe72160 DEOPT PACKING pc=0x000001aa84e90000 sp=0x00000046e3ef9410
Event: 14.638 Thread 0x000001aaffe72160 DEOPT UNPACKING pc=0x000001aa8be77143 sp=0x00000046e3ef88a0 mode 0
Event: 14.643 Thread 0x000001aaffe72160 Uncommon trap: trap_request=0xffffff45 fr.pc=0x000001aa8c48d950 relative=0x0000000000000150
Event: 14.643 Thread 0x000001aaffe72160 Uncommon trap: reason=unstable_if action=reinterpret pc=0x000001aa8c48d950 method=java.util.Arrays.hashCode([B)I @ 1 c2
Event: 14.643 Thread 0x000001aaffe72160 DEOPT PACKING pc=0x000001aa8c48d950 sp=0x00000046e3ef90a0
Event: 14.643 Thread 0x000001aaffe72160 DEOPT UNPACKING pc=0x000001aa8be769a3 sp=0x00000046e3ef9018 mode 2
Event: 14.652 Thread 0x000001aaffe72160 Uncommon trap: trap_request=0xffffff45 fr.pc=0x000001aa8c4d0384 relative=0x0000000000000084
Event: 14.652 Thread 0x000001aaffe72160 Uncommon trap: reason=unstable_if action=reinterpret pc=0x000001aa8c4d0384 method=java.lang.CharacterDataLatin1.isWhitespace(I)Z @ 14 c2
Event: 14.652 Thread 0x000001aaffe72160 DEOPT PACKING pc=0x000001aa8c4d0384 sp=0x00000046e3ef8de0
Event: 14.652 Thread 0x000001aaffe72160 DEOPT UNPACKING pc=0x000001aa8be769a3 sp=0x00000046e3ef8d50 mode 2
Event: 14.668 Thread 0x000001aaffe72160 Uncommon trap: trap_request=0xffffff45 fr.pc=0x000001aa8c48c3b0 relative=0x0000000000000390
Event: 14.668 Thread 0x000001aaffe72160 Uncommon trap: reason=unstable_if action=reinterpret pc=0x000001aa8c48c3b0 method=java.lang.StringUTF16.compress([CII)[B @ 13 c2
Event: 14.668 Thread 0x000001aaffe72160 DEOPT PACKING pc=0x000001aa8c48c3b0 sp=0x00000046e3ef70c0
Event: 14.668 Thread 0x000001aaffe72160 DEOPT UNPACKING pc=0x000001aa8be769a3 sp=0x00000046e3ef6f88 mode 2
Event: 14.690 Thread 0x000001aaffe72160 DEOPT PACKING pc=0x000001aa84e95512 sp=0x00000046e3ef8a60
Event: 14.690 Thread 0x000001aaffe72160 DEOPT UNPACKING pc=0x000001aa8be77143 sp=0x00000046e3ef7ee0 mode 0
Event: 14.690 Thread 0x000001aaffe72160 DEOPT PACKING pc=0x000001aa84e95512 sp=0x00000046e3ef8af0
Event: 14.690 Thread 0x000001aaffe72160 DEOPT UNPACKING pc=0x000001aa8be77143 sp=0x00000046e3ef7f48 mode 0

Classes loaded (20 events):
Event: 14.676 Loading class sun/security/rsa/RSACore
Event: 14.677 Loading class sun/security/rsa/RSACore done
Event: 14.677 Loading class sun/security/rsa/RSAPadding
Event: 14.677 Loading class sun/security/rsa/RSAPadding done
Event: 14.678 Loading class java/math/MutableBigInteger
Event: 14.681 Loading class java/math/MutableBigInteger done
Event: 14.703 Loading class sun/security/provider/certpath/X509CertPath
Event: 14.703 Loading class java/security/cert/CertPath
Event: 14.703 Loading class java/security/cert/CertPath done
Event: 14.703 Loading class sun/security/provider/certpath/X509CertPath done
Event: 14.704 Loading class sun/security/timestamp/TimestampToken
Event: 14.719 Loading class sun/security/timestamp/TimestampToken done
Event: 14.721 Loading class java/security/Timestamp
Event: 14.721 Loading class java/security/Timestamp done
Event: 14.722 Loading class sun/security/rsa/RSASignature$SHA384withRSA
Event: 14.722 Loading class sun/security/rsa/RSASignature$SHA384withRSA done
Event: 14.722 Loading class sun/security/provider/SHA5$SHA384
Event: 14.722 Loading class sun/security/provider/SHA5
Event: 14.723 Loading class sun/security/provider/SHA5 done
Event: 14.723 Loading class sun/security/provider/SHA5$SHA384 done

Classes unloaded (0 events):
No events

Classes redefined (0 events):
No events

Internal exceptions (20 events):
Event: 14.253 Thread 0x000001aaffe72160 Exception <a 'java/lang/IncompatibleClassChangeError'{0x0000000082943048}: Found class java.lang.Object, but interface was expected> (0x0000000082943048) 
thrown [s\src\hotspot\share\interpreter\linkResolver.cpp, line 826]
Event: 14.253 Thread 0x000001aaffe72160 Exception <a 'java/lang/NoSuchMethodError'{0x0000000082943da0}: 'java.lang.Object java.lang.invoke.DirectMethodHandle$Holder.invokeStatic(java.lang.Object, java.lang.Object, int, java.lang.Object)'> (0x0000000082943da0) 
thrown [s\src\hotspot\share\interpreter\linkResolver.cpp, line 759]
Event: 14.254 Thread 0x000001aaffe72160 Exception <a 'java/lang/NoSuchMethodError'{0x0000000082948378}: 'java.lang.Object java.lang.invoke.DirectMethodHandle$Holder.invokeSpecial(java.lang.Object, java.lang.Object, java.lang.Object, int, java.lang.Object)'> (0x0000000082948378) 
thrown [s\src\hotspot\share\interpreter\linkResolver.cpp, line 759]
Event: 14.284 Thread 0x000001aaffe72160 Exception <a 'java/lang/NoSuchMethodError'{0x000000008296cdc0}: 'int java.lang.invoke.DirectMethodHandle$Holder.invokeVirtual(java.lang.Object, java.lang.Object, java.lang.Object)'> (0x000000008296cdc0) 
thrown [s\src\hotspot\share\interpreter\linkResolver.cpp, line 759]
Event: 14.301 Thread 0x000001aaffe72160 Exception <a 'java/lang/NoSuchMethodError'{0x0000000082978aa8}: 'int java.lang.invoke.DirectMethodHandle$Holder.invokeSpecial(java.lang.Object, java.lang.Object, java.lang.Object, java.lang.Object)'> (0x0000000082978aa8) 
thrown [s\src\hotspot\share\interpreter\linkResolver.cpp, line 759]
Event: 14.305 Thread 0x000001aaffe72160 Exception <a 'java/lang/NoSuchMethodError'{0x0000000082987ad8}: 'java.lang.Object java.lang.invoke.DelegatingMethodHandle$Holder.delegate(java.lang.Object, int, java.lang.Object, java.lang.Object)'> (0x0000000082987ad8) 
thrown [s\src\hotspot\share\interpreter\linkResolver.cpp, line 759]
Event: 14.316 Thread 0x000001aaffe72160 Exception <a 'java/lang/NoSuchMethodError'{0x00000000829a10a8}: 'java.lang.Object java.lang.invoke.Invokers$Holder.invokeExact_MT(java.lang.Object, java.lang.Object, java.lang.Object)'> (0x00000000829a10a8) 
thrown [s\src\hotspot\share\interpreter\linkResolver.cpp, line 759]
Event: 14.326 Thread 0x000001aaffe72160 Exception <a 'java/lang/ClassNotFoundException'{0x00000000829dcb30}: com/kms/katalon/core/webui/contribution/WebUiDriverCleanerBeanInfo> (0x00000000829dcb30) 
thrown [s\src\hotspot\share\classfile\systemDictionary.cpp, line 256]
Event: 14.334 Thread 0x000001aaffe72160 Exception <a 'java/lang/ClassNotFoundException'{0x00000000829fac30}: com/kms/katalon/core/webui/contribution/WebUiDriverCleanerCustomizer> (0x00000000829fac30) 
thrown [s\src\hotspot\share\classfile\systemDictionary.cpp, line 256]
Event: 14.373 Thread 0x000001aaffe72160 Exception <a 'java/lang/ClassNotFoundException'{0x0000000082877fd0}: com/kms/katalon/core/mobile/contribution/MobileDriverCleanerBeanInfo> (0x0000000082877fd0) 
thrown [s\src\hotspot\share\classfile\systemDictionary.cpp, line 256]
Event: 14.384 Thread 0x000001aaffe72160 Exception <a 'java/lang/ClassNotFoundException'{0x0000000082896768}: com/kms/katalon/core/mobile/contribution/MobileDriverCleanerCustomizer> (0x0000000082896768) 
thrown [s\src\hotspot\share\classfile\systemDictionary.cpp, line 256]
Event: 14.405 Thread 0x000001aaffe72160 Exception <a 'java/lang/ClassNotFoundException'{0x00000000828d61a8}: com/kms/katalon/core/cucumber/keyword/internal/CucumberDriverCleanerBeanInfo> (0x00000000828d61a8) 
thrown [s\src\hotspot\share\classfile\systemDictionary.cpp, line 256]
Event: 14.410 Thread 0x000001aaffe72160 Exception <a 'java/lang/ClassNotFoundException'{0x00000000828f5770}: com/kms/katalon/core/cucumber/keyword/internal/CucumberDriverCleanerCustomizer> (0x00000000828f5770) 
thrown [s\src\hotspot\share\classfile\systemDictionary.cpp, line 256]
Event: 14.435 Thread 0x000001aaffe72160 Exception <a 'java/lang/ClassNotFoundException'{0x00000000826369f0}: com/kms/katalon/core/windows/keyword/contribution/WindowsDriverCleanerBeanInfo> (0x00000000826369f0) 
thrown [s\src\hotspot\share\classfile\systemDictionary.cpp, line 256]
Event: 14.441 Thread 0x000001aaffe72160 Exception <a 'java/lang/ClassNotFoundException'{0x0000000082656630}: com/kms/katalon/core/windows/keyword/contribution/WindowsDriverCleanerCustomizer> (0x0000000082656630) 
thrown [s\src\hotspot\share\classfile\systemDictionary.cpp, line 256]
Event: 14.459 Thread 0x000001aaffe72160 Exception <a 'java/lang/ClassNotFoundException'{0x0000000082695bb0}: com/kms/katalon/core/testng/keyword/internal/TestNGDriverCleanerBeanInfo> (0x0000000082695bb0) 
thrown [s\src\hotspot\share\classfile\systemDictionary.cpp, line 256]
Event: 14.465 Thread 0x000001aaffe72160 Exception <a 'java/lang/ClassNotFoundException'{0x00000000826b49f8}: com/kms/katalon/core/testng/keyword/internal/TestNGDriverCleanerCustomizer> (0x00000000826b49f8) 
thrown [s\src\hotspot\share\classfile\systemDictionary.cpp, line 256]
Event: 14.503 Thread 0x000001aaffe72160 Exception <a 'java/lang/ClassNotFoundException'{0x0000000087f4ec48}: com/kms/katalon/core/configuration/RunConfigurationBeanInfo> (0x0000000087f4ec48) 
thrown [s\src\hotspot\share\classfile\systemDictionary.cpp, line 256]
Event: 14.508 Thread 0x000001aaffe72160 Exception <a 'java/lang/ClassNotFoundException'{0x0000000087f6bf60}: com/kms/katalon/core/configuration/RunConfigurationCustomizer> (0x0000000087f6bf60) 
thrown [s\src\hotspot\share\classfile\systemDictionary.cpp, line 256]
Event: 14.643 Thread 0x000001aaffe72160 Implicit null exception at 0x000001aa8c48d80c to 0x000001aa8c48d942

VM Operations (20 events):
Event: 13.903 Executing VM operation: HandshakeAllThreads
Event: 13.903 Executing VM operation: HandshakeAllThreads done
Event: 13.903 Executing VM operation: HandshakeAllThreads
Event: 13.903 Executing VM operation: HandshakeAllThreads done
Event: 14.073 Executing VM operation: HandshakeAllThreads
Event: 14.073 Executing VM operation: HandshakeAllThreads done
Event: 14.185 Executing VM operation: ICBufferFull
Event: 14.186 Executing VM operation: ICBufferFull done
Event: 14.187 Executing VM operation: HandshakeAllThreads
Event: 14.187 Executing VM operation: HandshakeAllThreads done
Event: 14.188 Executing VM operation: HandshakeAllThreads
Event: 14.188 Executing VM operation: HandshakeAllThreads done
Event: 14.479 Executing VM operation: G1CollectForAllocation
Event: 14.488 Executing VM operation: G1CollectForAllocation done
Event: 14.551 Executing VM operation: HandshakeAllThreads
Event: 14.551 Executing VM operation: HandshakeAllThreads done
Event: 14.557 Executing VM operation: HandshakeAllThreads
Event: 14.557 Executing VM operation: HandshakeAllThreads done
Event: 14.627 Executing VM operation: HandshakeAllThreads
Event: 14.627 Executing VM operation: HandshakeAllThreads done

Memory protections (0 events):
No events

Nmethod flushes (0 events):
No events

Events (12 events):
Event: 0.234 Thread 0x000001aaffe72160 Thread added: 0x000001aaffe72160
Event: 0.255 Thread 0x000001aaffe72160 Thread added: 0x000001aa9b079a90
Event: 0.255 Thread 0x000001aaffe72160 Thread added: 0x000001aa9b07dff0
Event: 0.305 Thread 0x000001aaffe72160 Thread added: 0x000001aa9b09f8e0
Event: 0.305 Thread 0x000001aaffe72160 Thread added: 0x000001aa9b0a2580
Event: 0.305 Thread 0x000001aaffe72160 Thread added: 0x000001aa9b0e53d0
Event: 0.306 Thread 0x000001aaffe72160 Thread added: 0x000001aa9b0e5ca0
Event: 0.306 Thread 0x000001aaffe72160 Thread added: 0x000001aa9b0ee550
Event: 0.306 Thread 0x000001aaffe72160 Thread added: 0x000001aa9b0eef10
Event: 0.306 Thread 0x000001aaffe72160 Thread added: 0x000001aa9b0efc10
Event: 0.861 Thread 0x000001aaffe72160 Thread added: 0x000001aa9b340a00
Event: 4.700 Thread 0x000001aaffe72160 Thread added: 0x000001aa9bd07590


Dynamic libraries:
0x00007ff640660000 - 0x00007ff64066e000 	C:\Users\LENOVO\.katalon\packages\KSE-10.2.4\jre\bin\javaw.exe
0x00007ff8192f0000 - 0x00007ff8194e8000 	C:\Windows\SYSTEM32\ntdll.dll
0x00007ff818b60000 - 0x00007ff818c22000 	C:\Windows\System32\KERNEL32.DLL
0x00007ff816d80000 - 0x00007ff817076000 	C:\Windows\System32\KERNELBASE.dll
0x00007ff816bd0000 - 0x00007ff816cd0000 	C:\Windows\System32\ucrtbase.dll
0x00007ff813250000 - 0x00007ff81326e000 	C:\Users\LENOVO\.katalon\packages\KSE-10.2.4\jre\bin\VCRUNTIME140.dll
0x00007ff810d00000 - 0x00007ff810d17000 	C:\Users\LENOVO\.katalon\packages\KSE-10.2.4\jre\bin\jli.dll
0x00007ff8179d0000 - 0x00007ff817b6d000 	C:\Windows\System32\USER32.dll
0x00007ff817230000 - 0x00007ff817252000 	C:\Windows\System32\win32u.dll
0x00007ff817b70000 - 0x00007ff817b9b000 	C:\Windows\System32\GDI32.dll
0x00007ff817110000 - 0x00007ff817229000 	C:\Windows\System32\gdi32full.dll
0x00007ff8169d0000 - 0x00007ff816a6d000 	C:\Windows\System32\msvcp_win.dll
0x00007ff802240000 - 0x00007ff8024da000 	C:\Windows\WinSxS\amd64_microsoft.windows.common-controls_6595b64144ccf1df_6.0.19041.5915_none_60b4b9d171f9c7c7\COMCTL32.dll
0x00007ff8183f0000 - 0x00007ff81848e000 	C:\Windows\System32\msvcrt.dll
0x00007ff819070000 - 0x00007ff81909f000 	C:\Windows\System32\IMM32.DLL
0x00007ff8136b0000 - 0x00007ff8136bc000 	C:\Users\LENOVO\.katalon\packages\KSE-10.2.4\jre\bin\vcruntime140_1.dll
0x00007ff80be20000 - 0x00007ff80bead000 	C:\Users\LENOVO\.katalon\packages\KSE-10.2.4\jre\bin\msvcp140.dll
0x00007fffa6320000 - 0x00007fffa6f8b000 	C:\Users\LENOVO\.katalon\packages\KSE-10.2.4\jre\bin\server\jvm.dll
0x00007ff817700000 - 0x00007ff8177b1000 	C:\Windows\System32\ADVAPI32.dll
0x00007ff819100000 - 0x00007ff81919f000 	C:\Windows\System32\sechost.dll
0x00007ff8177d0000 - 0x00007ff8178f3000 	C:\Windows\System32\RPCRT4.dll
0x00007ff816cd0000 - 0x00007ff816cf7000 	C:\Windows\System32\bcrypt.dll
0x00007ff818c30000 - 0x00007ff818c9b000 	C:\Windows\System32\WS2_32.dll
0x00007fffefa60000 - 0x00007fffefa87000 	C:\Windows\SYSTEM32\WINMM.dll
0x00007ff8167e0000 - 0x00007ff81682b000 	C:\Windows\SYSTEM32\POWRPROF.dll
0x00007ff80f4a0000 - 0x00007ff80f4aa000 	C:\Windows\SYSTEM32\VERSION.dll
0x00007ff8167c0000 - 0x00007ff8167d2000 	C:\Windows\SYSTEM32\UMPDC.dll
0x00007ff814800000 - 0x00007ff814812000 	C:\Windows\SYSTEM32\kernel.appcore.dll
0x00007ff80ee90000 - 0x00007ff80ee9a000 	C:\Users\LENOVO\.katalon\packages\KSE-10.2.4\jre\bin\jimage.dll
0x00007ff803d60000 - 0x00007ff803f61000 	C:\Windows\SYSTEM32\DBGHELP.DLL
0x00007ff802d00000 - 0x00007ff802d34000 	C:\Windows\SYSTEM32\dbgcore.DLL
0x00007ff817080000 - 0x00007ff817102000 	C:\Windows\System32\bcryptPrimitives.dll
0x00007ffffba70000 - 0x00007ffffba95000 	C:\Users\LENOVO\.katalon\packages\KSE-10.2.4\jre\bin\java.dll
0x00007ff80c850000 - 0x00007ff80c868000 	C:\Users\LENOVO\.katalon\packages\KSE-10.2.4\jre\bin\zip.dll
0x00007ff817c80000 - 0x00007ff8183ee000 	C:\Windows\System32\SHELL32.dll
0x00007ff814a00000 - 0x00007ff8151a4000 	C:\Windows\SYSTEM32\windows.storage.dll
0x00007ff817310000 - 0x00007ff817663000 	C:\Windows\System32\combase.dll
0x00007ff8162e0000 - 0x00007ff81630b000 	C:\Windows\SYSTEM32\Wldp.dll
0x00007ff817900000 - 0x00007ff8179cd000 	C:\Windows\System32\OLEAUT32.dll
0x00007ff818490000 - 0x00007ff81853d000 	C:\Windows\System32\SHCORE.dll
0x00007ff819250000 - 0x00007ff8192ab000 	C:\Windows\System32\shlwapi.dll
0x00007ff8168b0000 - 0x00007ff8168d4000 	C:\Windows\SYSTEM32\profapi.dll
0x00007ffff9300000 - 0x00007ffff9319000 	C:\Users\LENOVO\.katalon\packages\KSE-10.2.4\jre\bin\net.dll
0x00007ff80e6d0000 - 0x00007ff80e7da000 	C:\Windows\SYSTEM32\WINHTTP.dll
0x00007ff816040000 - 0x00007ff8160aa000 	C:\Windows\system32\mswsock.dll
0x00007fffe9890000 - 0x00007fffe98a6000 	C:\Users\LENOVO\.katalon\packages\KSE-10.2.4\jre\bin\nio.dll
0x00007ffff6600000 - 0x00007ffff6610000 	C:\Users\LENOVO\.katalon\packages\KSE-10.2.4\jre\bin\verify.dll

dbghelp: loaded successfully - version: 4.0.5 - missing functions: none
symbol engine: initialized successfully - sym options: 0x614 - pdb path: .;C:\Users\LENOVO\.katalon\packages\KSE-10.2.4\jre\bin;C:\Windows\SYSTEM32;C:\Windows\WinSxS\amd64_microsoft.windows.common-controls_6595b64144ccf1df_6.0.19041.5915_none_60b4b9d171f9c7c7;C:\Users\LENOVO\.katalon\packages\KSE-10.2.4\jre\bin\server

VM Arguments:
jvm_args: -Dgroovy.home=C:\Users\LENOVO/.groovy -Djava.system.class.loader=groovy.lang.GroovyClassLoader -Xmx2048m -Dfile.encoding=UTF-8 -Dstdout.encoding=UTF-8 -Dstderr.encoding=UTF-8 -XX:+ShowCodeDetailsInExceptionMessages 
java_command: org.codehaus.groovy.tools.GroovyStarter --classpath C:\Users\LENOVO\Katalon Studio\guru 99 bank\bin\keyword;C:\Users\LENOVO\Katalon Studio\guru 99 bank\Keywords;C:\Users\LENOVO\Katalon Studio\guru 99 bank\bin\listener;C:\Users\LENOVO\Katalon Studio\guru 99 bank\Test Listeners;C:\Users\LENOVO\Katalon Studio\guru 99 bank\bin\lib;C:\Users\LENOVO\Katalon Studio\guru 99 bank\Libs;C:\Users\LENOVO\Katalon Studio\guru 99 bank\bin\groovy;C:\Users\LENOVO\Katalon Studio\guru 99 bank\Include\scripts\groovy;C:\Users\LENOVO\.katalon\packages\KSE-10.2.4\plugins\com.kms.katalon.core_1.0.0.202507110548.jar;C:\Users\LENOVO\.katalon\packages\KSE-10.2.4\configuration\resources\lib\aalto-xml-1.0.0.jar;C:\Users\LENOVO\.katalon\packages\KSE-10.2.4\configuration\resources\lib\aspectjweaver-1.9.1.jar;C:\Users\LENOVO\.katalon\packages\KSE-10.2.4\configuration\resources\lib\aws-2.20.3-fat.jar;C:\Users\LENOVO\.katalon\packages\KSE-10.2.4\configuration\resources\lib\browsermob-core-2.1.5.jar;C:\Users\LENOVO\.katalon\packages\KSE-10.2.4\configuration\resources\lib\byte-buddy-1.14.3.jar;C:\Users\LENOVO\.katalon\packages\KSE-10.2.4\configuration\resources\lib\byte-buddy-agent-1.14.3.jar;C:\Users\LENOVO\.katalon\packages\KSE-10.2.4\configuration\resources\lib\cglib-3.2.10.jar;C:\Users\LENOVO\.katalon\packages\KSE-10.2.4\configuration\resources\lib\commons-codec-1.10.jar;C:\Users\LENOVO\.katalon\packages\KSE-10.2.4\configuration\resources\lib\commons-collections4-4.1.jar;C:\Users\LENOVO\.katalon\packages\KSE-10.2.4\configuration\resources\lib\commons-javaflow-20060411.jar;C:\Users\LENOVO\.katalon\packages\KSE-10.2.4\configuration\resources\lib\commons-logging-1.3.4.jar;C:\Users\LENOVO\.katalon\packages\KSE-10.2.4\configuration\resources\lib\commons-validator-1.6.jar;C:\Users\LENOVO\.katalon\packages\KSE-10.2.4\configuration\resources\lib\curvesapi-1.04.jar;C:\Users\LENOVO\.katalon\packages\KSE-10.2.4\configuration\resources\lib\dnsjava-3.6.2.jar;C:\Users\LENOVO\.katalon\packages\KSE-
java_class_path (initial): C:\Users\LENOVO\Katalon Studio\guru 99 bank\bin\keyword;C:\Users\LENOVO\Katalon Studio\guru 99 bank\bin\listener;C:\Users\LENOVO\Katalon Studio\guru 99 bank\bin\lib;C:\Users\LENOVO\Katalon Studio\guru 99 bank\bin\groovy;C:\Users\LENOVO\Katalon Studio\guru 99 bank\bin;C:\Users\LENOVO\.katalon\packages\KSE-10.2.4\plugins\com.kms.katalon.core_1.0.0.202507110548.jar;C:\Users\LENOVO\.katalon\packages\KSE-10.2.4\configuration\resources\lib\aalto-xml-1.0.0.jar;C:\Users\LENOVO\.katalon\packages\KSE-10.2.4\configuration\resources\lib\aspectjweaver-1.9.1.jar;C:\Users\LENOVO\.katalon\packages\KSE-10.2.4\configuration\resources\lib\aws-2.20.3-fat.jar;C:\Users\LENOVO\.katalon\packages\KSE-10.2.4\configuration\resources\lib\browsermob-core-2.1.5.jar;C:\Users\LENOVO\.katalon\packages\KSE-10.2.4\configuration\resources\lib\byte-buddy-1.14.3.jar;C:\Users\LENOVO\.katalon\packages\KSE-10.2.4\configuration\resources\lib\byte-buddy-agent-1.14.3.jar;C:\Users\LENOVO\.katalon\packages\KSE-10.2.4\configuration\resources\lib\cglib-3.2.10.jar;C:\Users\LENOVO\.katalon\packages\KSE-10.2.4\configuration\resources\lib\commons-codec-1.10.jar;C:\Users\LENOVO\.katalon\packages\KSE-10.2.4\configuration\resources\lib\commons-collections4-4.1.jar;C:\Users\LENOVO\.katalon\packages\KSE-10.2.4\configuration\resources\lib\commons-javaflow-20060411.jar;C:\Users\LENOVO\.katalon\packages\KSE-10.2.4\configuration\resources\lib\commons-logging-1.3.4.jar;C:\Users\LENOVO\.katalon\packages\KSE-10.2.4\configuration\resources\lib\commons-validator-1.6.jar;C:\Users\LENOVO\.katalon\packages\KSE-10.2.4\configuration\resources\lib\curvesapi-1.04.jar;C:\Users\LENOVO\.katalon\packages\KSE-10.2.4\configuration\resources\lib\dnsjava-3.6.2.jar;C:\Users\LENOVO\.katalon\packages\KSE-10.2.4\configuration\resources\lib\ecj-3.21.0.jar;C:\Users\LENOVO\.katalon\packages\KSE-10.2.4\configuration\resources\lib\fontbox-3.0.4.jar;C:\Users\LENOVO\.katalon\packages\KSE-10.2.4\configuration\resources\lib\groov
Launcher Type: SUN_STANDARD

[Global flags]
     intx CICompilerCount                          = 3                                         {product} {ergonomic}
     uint ConcGCThreads                            = 1                                         {product} {ergonomic}
     uint G1ConcRefinementThreads                  = 4                                         {product} {ergonomic}
   size_t G1HeapRegionSize                         = 1048576                                   {product} {ergonomic}
    uintx GCDrainStackTargetSize                   = 64                                        {product} {ergonomic}
   size_t InitialHeapSize                          = 67108864                                  {product} {ergonomic}
   size_t MarkStackSize                            = 4194304                                   {product} {ergonomic}
   size_t MaxHeapSize                              = 2147483648                                {product} {command line}
   size_t MaxNewSize                               = 1287651328                                {product} {ergonomic}
   size_t MinHeapDeltaBytes                        = 1048576                                   {product} {ergonomic}
   size_t MinHeapSize                              = 8388608                                   {product} {ergonomic}
    uintx NonNMethodCodeHeapSize                   = 5832780                                {pd product} {ergonomic}
    uintx NonProfiledCodeHeapSize                  = 122912730                              {pd product} {ergonomic}
    uintx ProfiledCodeHeapSize                     = 122912730                              {pd product} {ergonomic}
    uintx ReservedCodeCacheSize                    = 251658240                              {pd product} {ergonomic}
     bool SegmentedCodeCache                       = true                                      {product} {ergonomic}
     bool ShowCodeDetailsInExceptionMessages       = true                                   {manageable} {command line}
   size_t SoftMaxHeapSize                          = 2147483648                             {manageable} {ergonomic}
     bool UseCompressedClassPointers               = true                           {product lp64_product} {ergonomic}
     bool UseCompressedOops                        = true                           {product lp64_product} {ergonomic}
     bool UseG1GC                                  = true                                      {product} {ergonomic}
     bool UseLargePagesIndividualAllocation        = false                                  {pd product} {ergonomic}

Logging:
Log output configuration:
 #0: stdout all=warning uptime,level,tags
 #1: stderr all=off uptime,level,tags

Environment Variables:
PATH=C:/Users/LENOVO/.katalon/packages/KSE-10.2.4/jre/bin/server;C:/Users/LENOVO/.katalon/packages/KSE-10.2.4/jre/bin;C:\Program Files\Common Files\Oracle\Java\javapath;C:\Windows\system32;C:\Windows;C:\Windows\System32\Wbem;C:\Windows\System32\WindowsPowerShell\v1.0\;C:\Windows\System32\OpenSSH\;C:\Program Files (x86)\Microsoft SQL Server\160\Tools\Binn\;C:\Program Files\Microsoft SQL Server\160\Tools\Binn\;C:\Program Files\Microsoft SQL Server\Client SDK\ODBC\170\Tools\Binn\;C:\Program Files\Microsoft SQL Server\160\DTS\Binn\;C:\Program Files\Azure Data Studio\bin;C:\Program Files (x86)\Microsoft SQL Server\160\DTS\Binn\;C:\Program Files\nodejs\;C:\Program Files\Git\cmd;C:\Program Files\Go\bin;C:\Program Files\MySQL\MySQL Server 8.0\bin;C:\Program Files\Docker\Docker\resources\bin;C:\WebDriver\;C:\Users\LENOVO\Downloads\maven-mvnd-1.0.2-windows-amd64\maven-mvnd-1.0.2-windows-amd64\bin;C:\Users\LENOVO\Downloads\maven-mvnd-1.0.2-windows-amd64\maven-mvnd-1.0.2-windows-amd64;C:\Users\LENOVO\Downloads\apache-maven-3.9.10-bin\apache-maven-3.9.10\bin;C:\Program Files\PostgreSQL\17\bin;C:\Users\LENOVO\Downloads\allure-2.34.1\allur;C:\Users\LENOVO\AppData\Local\Android\Sdk\platform-tools;C:\Users\LENOVO\AppData\Local\Programs\Python\Python310\Scripts\;C:\Users\LENOVO\AppData\Local\Programs\Python\Python310\;C:\Users\LENOVO\AppData\Local\Microsoft\WindowsApps;C:\Users\LENOVO\AppData\Local\Programs\Microsoft VS Code\bin;C:\Program Files\Azure Data Studio\bin;C:\Users\LENOVO\AppData\Roaming\npm;C:\Users\LENOVO\AppData\Local\GitHubDesktop\bin;C:\Users\LENOVO\go\bin;C:\Users\LENOVO\AppData\Local\Programs\cursor\resources\app\bin;C:\Users\LENOVO\AppData\Local\Programs\Windsurf\bin;C:\Users\LENOVO\.katalon\packages\KSE-10.2.4;
USERNAME=LENOVO
OS=Windows_NT
PROCESSOR_IDENTIFIER=Intel64 Family 6 Model 78 Stepping 3, GenuineIntel
TMP=C:\Users\LENOVO\AppData\Local\Temp
TEMP=C:\Users\LENOVO\AppData\Local\Temp



Periodic native trim disabled


---------------  S Y S T E M  ---------------

OS:
 Windows 10 , 64 bit Build 19041 (10.0.19041.5915)
OS uptime: 1 days 16:17 hours

CPU: total 4 (initial active 4) (2 cores per cpu, 2 threads per core) family 6 model 78 stepping 3 microcode 0xcc, cx8, cmov, fxsr, ht, mmx, 3dnowpref, sse, sse2, sse3, ssse3, sse4.1, sse4.2, popcnt, lzcnt, tsc, tscinvbit, avx, avx2, aes, erms, clmul, bmi1, bmi2, adx, fma, vzeroupper, clflush, clflushopt
Processor Information for all 4 processors :
  Max Mhz: 2000, Current Mhz: 2000, Mhz Limit: 2000

Memory: 4k page, system-wide physical 3969M (245M free)
TotalPageFile size 16257M (AvailPageFile size 6M)
current process WorkingSet (physical memory assigned to process): 161M, peak: 161M
current process commit charge ("private bytes"): 267M, peak: 268M

vm_info: OpenJDK 64-Bit Server VM (17.0.14+7) for windows-amd64 JRE (17.0.14+7), built on Jan 21 2025 23:40:15 by "admin" with MS VC++ 17.7 (VS2022)

END.
